<?xml version="1.0" encoding="UTF-8"?>
<!-- Generated by org.testng.reporters.JUnitReportReporter -->
<testsuite hostname="EC-AUTOMA-001" failures="0" tests="1" name="com.medmantra.testcases.AHC.TC_137_DQ_AHCSummary_PendingSummary_Totalnumberofpatients" time="34.434" errors="0" timestamp="2022-09-19T22:04:52 PDT" skipped="0">
  <testcase classname="com.medmantra.testcases.AHC.TC_137_DQ_AHCSummary_PendingSummary_Totalnumberofpatients" name="runAHCSummaryPendingSummaryTotalnumberofpatients" time="34.434"/>
  <system-out/>
</testsuite> <!-- com.medmantra.testcases.AHC.TC_137_DQ_AHCSummary_PendingSummary_Totalnumberofpatients -->
