<?xml version="1.0" encoding="UTF-8"?>
<!-- Generated by org.testng.reporters.JUnitReportReporter -->
<testsuite hostname="DESKTOP-BOAEE06" failures="0" tests="1" name="com.novo.testcases.TC_131112_VerifyReferenceTextinFooter" time="18.681" errors="0" timestamp="2022-10-28T15:38:47 IST" skipped="0">
  <testcase classname="com.novo.testcases.TC_131112_VerifyReferenceTextinFooter" name="runVerifyReferenceTextinFooter" time="18.681"/>
  <system-out/>
</testsuite> <!-- com.novo.testcases.TC_131112_VerifyReferenceTextinFooter -->
