<?xml version="1.0" encoding="UTF-8"?>
<!-- Generated by org.testng.reporters.JUnitReportReporter -->
<testsuite hostname="DESKTOP-BOAEE06" failures="0" tests="1" name="com.trulances.testcases.TC_14043_VerifyPatientStoriesPageBody" time="25.151" errors="0" timestamp="2022-12-12T12:19:42 IST" skipped="0">
  <testcase classname="com.trulances.testcases.TC_14043_VerifyPatientStoriesPageBody" name="runVerifyPatientStoriesPageBody" time="25.151"/>
  <system-out/>
</testsuite> <!-- com.trulances.testcases.TC_14043_VerifyPatientStoriesPageBody -->
