<?xml version="1.0" encoding="UTF-8"?>
<!-- Generated by org.testng.reporters.JUnitReportReporter -->
<testsuite hostname="DESKTOP-BOAEE06" failures="0" tests="1" name="com.trulances.testcases.TC_14045_VerifyStomachPainText" time="35.006" errors="0" timestamp="2022-12-12T12:17:42 IST" skipped="0">
  <testcase classname="com.trulances.testcases.TC_14045_VerifyStomachPainText" name="runVerifyStomachPainText" time="35.006"/>
  <system-out/>
</testsuite> <!-- com.trulances.testcases.TC_14045_VerifyStomachPainText -->
