<?xml version="1.0" encoding="UTF-8"?>
<!-- Generated by org.testng.reporters.JUnitReportReporter -->
<testsuite hostname="DESKTOP-BOAEE06" failures="0" tests="1" name="com.novo.testcases.TC_131125_VerifyContInSec6" time="6.405" errors="0" timestamp="2022-11-08T19:52:54 IST" skipped="0">
  <testcase classname="com.novo.testcases.TC_131125_VerifyContInSec6" name="runVerifyContImgInSec4" time="6.405"/>
  <system-out/>
</testsuite> <!-- com.novo.testcases.TC_131125_VerifyContInSec6 -->
