<?xml version="1.0" encoding="UTF-8"?>
<!-- Generated by org.testng.reporters.JUnitReportReporter -->
<testsuite hostname="DESKTOP-BOAEE06" failures="0" tests="1" name="com.novo.testcases.TC_131125_VerifyContLayoutInSec5" time="8.622" errors="0" timestamp="2022-11-24T13:07:35 IST" skipped="0">
  <testcase classname="com.novo.testcases.TC_131125_VerifyContLayoutInSec5" name="runVerifyContLayoutInSec5" time="8.622"/>
  <system-out/>
</testsuite> <!-- com.novo.testcases.TC_131125_VerifyContLayoutInSec5 -->
