<?xml version="1.0" encoding="UTF-8"?>
<!-- Generated by org.testng.reporters.JUnitReportReporter -->
<testsuite hostname="DESKTOP-6CGC2KB" failures="0" tests="1" name="com.medmantra.testcases.OPBilling.TC_141_BillingExecution_Collection_OnAccountSettlement_PaymentMode_Cheque" time="51.656" errors="0" timestamp="2022-09-30T16:40:53 IST" skipped="0">
  <testcase classname="com.medmantra.testcases.OPBilling.TC_141_BillingExecution_Collection_OnAccountSettlement_PaymentMode_Cheque" name="runOnAccountSettlement_PaymentMode_Cash" time="51.656"/>
  <system-out/>
</testsuite> <!-- com.medmantra.testcases.OPBilling.TC_141_BillingExecution_Collection_OnAccountSettlement_PaymentMode_Cheque -->
