<?xml version="1.0" encoding="UTF-8"?>
<!-- Generated by org.testng.reporters.JUnitReportReporter -->
<<<<<<< HEAD
<testsuite hostname="EC-AUTOMA-001" failures="0" tests="1" name="com.medmantra.testcases.OPWards.TC_069_SecretaryDashboard_Generate_OPP" time="44.797" errors="0" timestamp="2022-09-18T23:51:56 PDT" skipped="0">
  <testcase classname="com.medmantra.testcases.OPWards.TC_069_SecretaryDashboard_Generate_OPP" name="runGenerateOPP" time="44.797"/>
=======
<<<<<<< HEAD
<testsuite hostname="DESKTOP-6CGC2KB" failures="0" tests="1" name="com.medmantra.testcases.OPWards.TC_069_SecretaryDashboard_Generate_OPP" time="0.000" errors="0" timestamp="2022-08-17T09:13:18 IST" skipped="1">
  <testcase classname="com.medmantra.testcases.OPWards.TC_069_SecretaryDashboard_Generate_OPP" name="runGenerateOPP" time="0.000">
    <skipped/>
  </testcase> <!-- runGenerateOPP -->
=======
<testsuite hostname="EC-AUTOMA-001" failures="0" tests="1" name="com.medmantra.testcases.OPWards.TC_069_SecretaryDashboard_Generate_OPP" time="47.358" errors="0" timestamp="2022-09-15T10:41:17 PDT" skipped="0">
  <testcase classname="com.medmantra.testcases.OPWards.TC_069_SecretaryDashboard_Generate_OPP" name="runGenerateOPP" time="47.358"/>
>>>>>>> a36527de2242561f4ee434d68ee0055eb38bdbe2
>>>>>>> 9d84e3b6d0e3e07b1c620f9f03a38b8a429cb916
  <system-out/>
</testsuite> <!-- com.medmantra.testcases.OPWards.TC_069_SecretaryDashboard_Generate_OPP -->
