<?xml version="1.0" encoding="UTF-8"?>
<!-- Generated by org.testng.reporters.JUnitReportReporter -->
<testsuite hostname="DESKTOP-BOAEE06" failures="0" tests="1" name="com.novo.testcases.TC_131103_VerifyMainMenuFontProp" time="102.173" errors="0" timestamp="2022-11-23T15:19:52 IST" skipped="0">
  <testcase classname="com.novo.testcases.TC_131103_VerifyMainMenuFontProp" name="runVerifyMenuFontProp" time="102.173"/>
  <system-out/>
</testsuite> <!-- com.novo.testcases.TC_131103_VerifyMainMenuFontProp -->
