<?xml version="1.0" encoding="UTF-8"?>
<!-- Generated by org.testng.reporters.JUnitReportReporter -->
<testsuite hostname="EC-AUTOMA-001" failures="0" tests="1" name="com.medmantra.testcases.Laboratory.TC_245_LAB_Reports_TurnAroundTimeCalculation" time="29.848" errors="0" timestamp="2022-09-13T12:27:53 PDT" skipped="0">
  <testcase classname="com.medmantra.testcases.Laboratory.TC_245_LAB_Reports_TurnAroundTimeCalculation" name="runDailySampleCollection" time="29.848"/>
  <system-out/>
</testsuite> <!-- com.medmantra.testcases.Laboratory.TC_245_LAB_Reports_TurnAroundTimeCalculation -->
