<?xml version="1.0" encoding="UTF-8"?>
<!-- Generated by org.testng.reporters.JUnitReportReporter -->
<testsuite hostname="DESKTOP-BOAEE06" failures="0" tests="1" name="com.trulances.testcases2.TC_14028_VerifyHowItsWorksHeader2BodyCopy" time="27.173" errors="0" timestamp="2022-12-14T12:09:22 IST" skipped="0">
  <testcase classname="com.trulances.testcases2.TC_14028_VerifyHowItsWorksHeader2BodyCopy" name="runVerifyHowItsWorksHeader2BodyCopy" time="27.173"/>
  <system-out/>
</testsuite> <!-- com.trulances.testcases2.TC_14028_VerifyHowItsWorksHeader2BodyCopy -->
