<?xml version="1.0" encoding="UTF-8"?>
<!-- Generated by org.testng.reporters.JUnitReportReporter -->
<testsuite hostname="DESKTOP-6CGC2KB" failures="0" tests="1" name="com.medmantra.testcases.ES_Appoinment.TC_011_ES_AHC_AppointmentBooking" time="33.392" errors="0" timestamp="2022-09-21T01:33:00 IST" skipped="0">
  <testcase classname="com.medmantra.testcases.ES_Appoinment.TC_011_ES_AHC_AppointmentBooking" name="runAHCAppoinmentBooking" time="33.392"/>
  <system-out/>
</testsuite> <!-- com.medmantra.testcases.ES_Appoinment.TC_011_ES_AHC_AppointmentBooking -->
