<?xml version="1.0" encoding="UTF-8"?>
<!-- Generated by org.testng.reporters.JUnitReportReporter -->
<testsuite hostname="DESKTOP-6CGC2KB" failures="0" tests="1" name="com.medmantra.testcases.ES_Appoinment.TC_025_ES_AppointmentBookingRegistration" time="101.393" errors="0" timestamp="2022-09-21T01:33:00 IST" skipped="0">
  <testcase classname="com.medmantra.testcases.ES_Appoinment.TC_025_ES_AppointmentBookingRegistration" name="runAppoinmentBookingReg" time="101.393"/>
  <system-out/>
</testsuite> <!-- com.medmantra.testcases.ES_Appoinment.TC_025_ES_AppointmentBookingRegistration -->
