<?xml version="1.0" encoding="UTF-8"?>
<!-- Generated by org.testng.reporters.JUnitReportReporter -->
<<<<<<< HEAD
<testsuite hostname="EC-AUTOMA-001" failures="0" tests="1" name="com.medmantra.testcases.OPWards.TC_063_SecretaryDashboard_AppointmentWithDoctor_Schedule" time="70.036" errors="0" timestamp="2022-09-18T23:51:56 PDT" skipped="0">
  <testcase classname="com.medmantra.testcases.OPWards.TC_063_SecretaryDashboard_AppointmentWithDoctor_Schedule" name="runDoctorsAppoinmentBookingSchedule" time="70.036"/>
=======
<<<<<<< HEAD
<testsuite hostname="DESKTOP-6CGC2KB" failures="0" tests="1" name="com.medmantra.testcases.OPWards.TC_063_SecretaryDashboard_AppointmentWithDoctor_Schedule" time="0.122" errors="1" timestamp="2022-08-17T09:13:18 IST" skipped="0">
  <testcase classname="com.medmantra.testcases.OPWards.TC_063_SecretaryDashboard_AppointmentWithDoctor_Schedule" name="runDoctorsAppoinmentBookingSchedule" time="0.122">
    <error message="
[public void com.medmantra.testcases.OPWards.TC_063_SecretaryDashboard_AppointmentWithDoctor_Schedule.runDoctorsAppoinmentBookingSchedule(java.lang.String,java.lang.String)] has no parameters defined but was found to be using a data provider (either explicitly specified or inherited from class level annotation).
Data provider mismatch
Method: runDoctorsAppoinmentBookingSchedule([Parameter{index=0, type=java.lang.String, declaredAnnotations=[]}, Parameter{index=1, type=java.lang.String, declaredAnnotations=[]}])
Arguments: [(java.lang.String) Patient Request]" type="org.testng.internal.reflect.MethodMatcherException">
      <![CDATA[org.testng.internal.reflect.MethodMatcherException: 
[public void com.medmantra.testcases.OPWards.TC_063_SecretaryDashboard_AppointmentWithDoctor_Schedule.runDoctorsAppoinmentBookingSchedule(java.lang.String,java.lang.String)] has no parameters defined but was found to be using a data provider (either explicitly specified or inherited from class level annotation).
Data provider mismatch
Method: runDoctorsAppoinmentBookingSchedule([Parameter{index=0, type=java.lang.String, declaredAnnotations=[]}, Parameter{index=1, type=java.lang.String, declaredAnnotations=[]}])
Arguments: [(java.lang.String) Patient Request]
at org.testng.internal.reflect.DataProviderMethodMatcher.getConformingArguments(DataProviderMethodMatcher.java:43)
at org.testng.internal.Parameters.injectParameters(Parameters.java:914)
at org.testng.internal.MethodRunner.runInSequence(MethodRunner.java:34)
at org.testng.internal.TestInvoker$MethodInvocationAgent.invoke(TestInvoker.java:824)
at org.testng.internal.TestInvoker.invokeTestMethods(TestInvoker.java:146)
at org.testng.internal.TestMethodWorker.invokeTestMethods(TestMethodWorker.java:146)
at org.testng.internal.TestMethodWorker.run(TestMethodWorker.java:128)
at java.base/java.util.ArrayList.forEach(ArrayList.java:1511)
at org.testng.TestRunner.privateRun(TestRunner.java:794)
at org.testng.TestRunner.run(TestRunner.java:596)
at org.testng.SuiteRunner.runTest(SuiteRunner.java:377)
at org.testng.SuiteRunner.runSequentially(SuiteRunner.java:371)
at org.testng.SuiteRunner.privateRun(SuiteRunner.java:332)
at org.testng.SuiteRunner.run(SuiteRunner.java:276)
at org.testng.SuiteRunnerWorker.runSuite(SuiteRunnerWorker.java:53)
at org.testng.SuiteRunnerWorker.run(SuiteRunnerWorker.java:96)
at org.testng.TestNG.runSuitesSequentially(TestNG.java:1212)
at org.testng.TestNG.runSuitesLocally(TestNG.java:1134)
at org.testng.TestNG.runSuites(TestNG.java:1063)
at org.testng.TestNG.run(TestNG.java:1031)
at org.testng.remote.AbstractRemoteTestNG.run(AbstractRemoteTestNG.java:115)
at org.testng.remote.RemoteTestNG.initAndRun(RemoteTestNG.java:251)
at org.testng.remote.RemoteTestNG.main(RemoteTestNG.java:77)
]]>
    </error>
  </testcase> <!-- runDoctorsAppoinmentBookingSchedule -->
=======
<testsuite hostname="EC-AUTOMA-001" failures="0" tests="1" name="com.medmantra.testcases.OPWards.TC_063_SecretaryDashboard_AppointmentWithDoctor_Schedule" time="164.187" errors="0" timestamp="2022-09-15T10:41:17 PDT" skipped="0">
  <testcase classname="com.medmantra.testcases.OPWards.TC_063_SecretaryDashboard_AppointmentWithDoctor_Schedule" name="runDoctorsAppoinmentBookingSchedule" time="164.187"/>
>>>>>>> a36527de2242561f4ee434d68ee0055eb38bdbe2
>>>>>>> 9d84e3b6d0e3e07b1c620f9f03a38b8a429cb916
  <system-out/>
</testsuite> <!-- com.medmantra.testcases.OPWards.TC_063_SecretaryDashboard_AppointmentWithDoctor_Schedule -->
