<?xml version="1.0" encoding="UTF-8"?>
<!-- Generated by org.testng.reporters.JUnitReportReporter -->
<<<<<<< HEAD
<testsuite hostname="EC-AUTOMA-001" failures="0" tests="1" name="com.medmantra.testcases.OPWards.TC_064_SecretaryDashboard_AppointmentWithDoctor_View" time="40.349" errors="0" timestamp="2022-09-19T00:22:24 PDT" skipped="0">
  <testcase classname="com.medmantra.testcases.OPWards.TC_064_SecretaryDashboard_AppointmentWithDoctor_View" name="runDoctorsAppoinmentBookingView" time="40.349"/>
=======
<<<<<<< HEAD
<testsuite hostname="DESKTOP-6CGC2KB" failures="0" tests="1" name="com.medmantra.testcases.OPWards.TC_064_SecretaryDashboard_AppointmentWithDoctor_View" time="24.570" errors="1" timestamp="2022-08-17T09:13:19 IST" skipped="0">
  <testcase classname="com.medmantra.testcases.OPWards.TC_064_SecretaryDashboard_AppointmentWithDoctor_View" name="runDoctorsAppoinmentBookingView" time="24.570">
=======
<testsuite hostname="EC-AUTOMA-001" failures="0" tests="3" name="com.medmantra.testcases.OPWards.TC_064_SecretaryDashboard_AppointmentWithDoctor_View" time="413.339" errors="1" timestamp="2022-09-15T10:41:17 PDT" skipped="2">
  <testcase classname="com.medmantra.testcases.OPWards.TC_064_SecretaryDashboard_AppointmentWithDoctor_View" name="runDoctorsAppoinmentBookingView" time="125.895">
    <skipped/>
  </testcase> <!-- runDoctorsAppoinmentBookingView -->
  <system-out/>
  <testcase classname="com.medmantra.testcases.OPWards.TC_064_SecretaryDashboard_AppointmentWithDoctor_View" name="runDoctorsAppoinmentBookingView" time="161.491">
    <skipped/>
  </testcase> <!-- runDoctorsAppoinmentBookingView -->
  <system-out/>
  <testcase classname="com.medmantra.testcases.OPWards.TC_064_SecretaryDashboard_AppointmentWithDoctor_View" name="runDoctorsAppoinmentBookingView" time="125.953">
>>>>>>> a36527de2242561f4ee434d68ee0055eb38bdbe2
    <error message="See the reporter for details." type="java.lang.RuntimeException">
      <![CDATA[java.lang.RuntimeException: See the reporter for details.
at com.framework.utils.Reporter.reportStep(Reporter.java:92)
at com.framework.utils.Reporter.reportStep(Reporter.java:107)
<<<<<<< HEAD
at com.framework.selenium.api.base.SeleniumBase.takeSnap(SeleniumBase.java:913)
at com.framework.utils.Reporter.reportStep(Reporter.java:80)
at com.framework.utils.Reporter.reportStep(Reporter.java:107)
at com.medmantra.pages.DoctorsAndWardsPage.clickSecretaryDashboard(DoctorsAndWardsPage.java:39)
at com.medmantra.testcases.OPWards.TC_064_SecretaryDashboard_AppointmentWithDoctor_View.runDoctorsAppoinmentBookingView(TC_064_SecretaryDashboard_AppointmentWithDoctor_View.java:30)
at java.base/jdk.internal.reflect.NativeMethodAccessorImpl.invoke0(Native Method)
at java.base/jdk.internal.reflect.NativeMethodAccessorImpl.invoke(NativeMethodAccessorImpl.java:78)
at java.base/jdk.internal.reflect.DelegatingMethodAccessorImpl.invoke(DelegatingMethodAccessorImpl.java:43)
at java.base/java.lang.reflect.Method.invoke(Method.java:567)
at org.testng.internal.MethodInvocationHelper.invokeMethod(MethodInvocationHelper.java:133)
at org.testng.internal.TestInvoker.invokeMethod(TestInvoker.java:598)
at org.testng.internal.TestInvoker.invokeTestMethod(TestInvoker.java:173)
at org.testng.internal.MethodRunner.runInSequence(MethodRunner.java:46)
=======
at com.framework.selenium.api.base.SeleniumBase.locateElement(SeleniumBase.java:632)
at com.medmantra.pages.DoctorsAppoinmentPage.verifyAppointmentDetails(DoctorsAppoinmentPage.java:179)
at com.medmantra.testcases.OPWards.TC_064_SecretaryDashboard_AppointmentWithDoctor_View.runDoctorsAppoinmentBookingView(TC_064_SecretaryDashboard_AppointmentWithDoctor_View.java:34)
at java.base/jdk.internal.reflect.NativeMethodAccessorImpl.invoke0(Native Method)
at java.base/jdk.internal.reflect.NativeMethodAccessorImpl.invoke(NativeMethodAccessorImpl.java:77)
at java.base/jdk.internal.reflect.DelegatingMethodAccessorImpl.invoke(DelegatingMethodAccessorImpl.java:43)
at java.base/java.lang.reflect.Method.invoke(Method.java:568)
at org.testng.internal.MethodInvocationHelper.invokeMethod(MethodInvocationHelper.java:133)
at org.testng.internal.TestInvoker.invokeMethod(TestInvoker.java:598)
at org.testng.internal.TestInvoker.retryFailed(TestInvoker.java:213)
at org.testng.internal.MethodRunner.runInSequence(MethodRunner.java:58)
>>>>>>> a36527de2242561f4ee434d68ee0055eb38bdbe2
at org.testng.internal.TestInvoker$MethodInvocationAgent.invoke(TestInvoker.java:824)
at org.testng.internal.TestInvoker.invokeTestMethods(TestInvoker.java:146)
at org.testng.internal.TestMethodWorker.invokeTestMethods(TestMethodWorker.java:146)
at org.testng.internal.TestMethodWorker.run(TestMethodWorker.java:128)
at java.base/java.util.ArrayList.forEach(ArrayList.java:1511)
at org.testng.TestRunner.privateRun(TestRunner.java:794)
at org.testng.TestRunner.run(TestRunner.java:596)
at org.testng.SuiteRunner.runTest(SuiteRunner.java:377)
at org.testng.SuiteRunner.runSequentially(SuiteRunner.java:371)
at org.testng.SuiteRunner.privateRun(SuiteRunner.java:332)
at org.testng.SuiteRunner.run(SuiteRunner.java:276)
at org.testng.SuiteRunnerWorker.runSuite(SuiteRunnerWorker.java:53)
at org.testng.SuiteRunnerWorker.run(SuiteRunnerWorker.java:96)
at org.testng.TestNG.runSuitesSequentially(TestNG.java:1212)
at org.testng.TestNG.runSuitesLocally(TestNG.java:1134)
at org.testng.TestNG.runSuites(TestNG.java:1063)
at org.testng.TestNG.run(TestNG.java:1031)
at org.testng.remote.AbstractRemoteTestNG.run(AbstractRemoteTestNG.java:115)
at org.testng.remote.RemoteTestNG.initAndRun(RemoteTestNG.java:251)
at org.testng.remote.RemoteTestNG.main(RemoteTestNG.java:77)
]]>
    </error>
  </testcase> <!-- runDoctorsAppoinmentBookingView -->
>>>>>>> 9d84e3b6d0e3e07b1c620f9f03a38b8a429cb916
  <system-out/>
</testsuite> <!-- com.medmantra.testcases.OPWards.TC_064_SecretaryDashboard_AppointmentWithDoctor_View -->
