<?xml version="1.0" encoding="UTF-8"?>
<!-- Generated by org.testng.reporters.JUnitReportReporter -->
<testsuite hostname="DESKTOP-6CGC2KB" failures="0" tests="1" name="com.medmantra.testcases.ES_Appoinment.TC_033_ES_ViewAppointmentsPrint" time="47.007" errors="0" timestamp="2022-09-21T01:33:00 IST" skipped="0">
  <testcase classname="com.medmantra.testcases.ES_Appoinment.TC_033_ES_ViewAppointmentsPrint" name="ViewAppointmentsPrint" time="47.007"/>
  <system-out/>
</testsuite> <!-- com.medmantra.testcases.ES_Appoinment.TC_033_ES_ViewAppointmentsPrint -->
