<?xml version="1.0" encoding="UTF-8"?>
<!-- Generated by org.testng.reporters.JUnitReportReporter -->
<testsuite hostname="DESKTOP-BOAEE06" failures="0" tests="1" name="com.novo.testcases.TC_13110_VerifyReferenceTextinFooter" time="24.429" errors="0" timestamp="2022-10-20T13:32:51 IST" skipped="0">
  <testcase classname="com.novo.testcases.TC_13110_VerifyReferenceTextinFooter" name="runVerifyReferenceTextinFooter" time="24.429"/>
  <system-out/>
</testsuite> <!-- com.novo.testcases.TC_13110_VerifyReferenceTextinFooter -->
