<?xml version="1.0" encoding="UTF-8"?>
<!-- Generated by org.testng.reporters.JUnitReportReporter -->
<<<<<<< HEAD
<testsuite hostname="EC-AUTOMA-001" failures="0" tests="1" name="com.medmantra.testcases.Registration.TC_020_REG_StickerGeneration" time="106.663" errors="0" timestamp="2022-09-17T23:21:12 PDT" skipped="0">
  <testcase classname="com.medmantra.testcases.Registration.TC_020_REG_StickerGeneration" name="runStickerGeneration" time="106.663"/>
=======
<testsuite hostname="DESKTOP-6CGC2KB" failures="0" tests="1" name="com.medmantra.testcases.Registration.TC_020_REG_StickerGeneration" time="134.707" errors="0" timestamp="2022-08-23T22:59:58 IST" skipped="0">
  <testcase classname="com.medmantra.testcases.Registration.TC_020_REG_StickerGeneration" name="runStickerGeneration" time="134.707"/>
>>>>>>> 9d84e3b6d0e3e07b1c620f9f03a38b8a429cb916
  <system-out/>
</testsuite> <!-- com.medmantra.testcases.Registration.TC_020_REG_StickerGeneration -->
