<?xml version="1.0" encoding="UTF-8"?>
<!-- Generated by org.testng.reporters.JUnitReportReporter -->
<testsuite hostname="DESKTOP-BOAEE06" failures="0" tests="1" name="com.trulances.testcases.TC_14046_VerifyLessStomachPain" time="48.322" errors="0" timestamp="2022-12-12T13:06:29 IST" skipped="0">
  <testcase classname="com.trulances.testcases.TC_14046_VerifyLessStomachPain" name="runVerifyLessStomachPain" time="48.322"/>
  <system-out/>
</testsuite> <!-- com.trulances.testcases.TC_14046_VerifyLessStomachPain -->
