<?xml version="1.0" encoding="UTF-8"?>
<!-- Generated by org.testng.reporters.JUnitReportReporter -->
<<<<<<< HEAD
<testsuite hostname="EC-AUTOMA-001" failures="0" tests="1" name="com.medmantra.testcases.Registration.TC_027_REG_MergeUHID" time="50.580" errors="0" timestamp="2022-09-17T23:21:12 PDT" skipped="0">
  <testcase classname="com.medmantra.testcases.Registration.TC_027_REG_MergeUHID" name="runMergeUHID" time="50.580"/>
=======
<testsuite hostname="DESKTOP-6CGC2KB" failures="0" tests="1" name="com.medmantra.testcases.Registration.TC_027_REG_MergeUHID" time="82.249" errors="0" timestamp="2022-08-23T22:59:58 IST" skipped="0">
  <testcase classname="com.medmantra.testcases.Registration.TC_027_REG_MergeUHID" name="runMergeUHID" time="82.249"/>
>>>>>>> 9d84e3b6d0e3e07b1c620f9f03a38b8a429cb916
  <system-out/>
</testsuite> <!-- com.medmantra.testcases.Registration.TC_027_REG_MergeUHID -->
