<?xml version="1.0" encoding="UTF-8"?>
<!-- Generated by org.testng.reporters.JUnitReportReporter -->
<testsuite hostname="DESKTOP-6CGC2KB" failures="0" tests="1" name="com.medmantra.testcases.OPBilling.TC_099_BillExecution_OP_Bill_Tariff_Details" time="21.829" errors="0" timestamp="2022-08-18T13:20:54 IST" skipped="0">
  <testcase classname="com.medmantra.testcases.OPBilling.TC_099_BillExecution_OP_Bill_Tariff_Details" name="runTariffDetails" time="21.829"/>
  <system-out/>
</testsuite> <!-- com.medmantra.testcases.OPBilling.TC_099_BillExecution_OP_Bill_Tariff_Details -->
