<?xml version="1.0" encoding="UTF-8"?>
<!-- Generated by org.testng.reporters.JUnitReportReporter -->
<testsuite hostname="DESKTOP-BOAEE06" failures="0" tests="1" name="com.novo.testcases.TC_131104VerifyHeaderLayout" time="15.417" errors="0" timestamp="2022-11-23T15:29:22 IST" skipped="0">
  <testcase classname="com.novo.testcases.TC_131104VerifyHeaderLayout" name="runVerifyHeaderLayout" time="15.417"/>
  <system-out/>
</testsuite> <!-- com.novo.testcases.TC_131104VerifyHeaderLayout -->
