<?xml version="1.0" encoding="UTF-8"?>
<!-- Generated by org.testng.reporters.JUnitReportReporter -->
<testsuite hostname="DESKTOP-6CGC2KB" failures="0" tests="1" name="com.medmantra.testcases.DynamicForm.TC_037_Approval_ApprovedStatus_Approved_Preview" time="48.704" errors="0" timestamp="2022-10-11T15:08:52 IST" skipped="0">
  <testcase classname="com.medmantra.testcases.DynamicForm.TC_037_Approval_ApprovedStatus_Approved_Preview" name="runApprovedPreview" time="48.704"/>
  <system-out/>
</testsuite> <!-- com.medmantra.testcases.DynamicForm.TC_037_Approval_ApprovedStatus_Approved_Preview -->
