<?xml version="1.0" encoding="UTF-8"?>
<!-- Generated by org.testng.reporters.JUnitReportReporter -->
<<<<<<< HEAD
<testsuite hostname="EC-AUTOMA-001" failures="0" tests="2" name="com.medmantra.testcases.Registration.TC_007_REG_Patient_Search" time="104.624" errors="1" timestamp="2022-09-17T23:21:12 PDT" skipped="1">
  <testcase classname="com.medmantra.testcases.Registration.TC_007_REG_Patient_Search" name="preScript" time="104.624">
    <error message="See the reporter for details." type="java.lang.RuntimeException">
      <![CDATA[java.lang.RuntimeException: See the reporter for details.
at com.framework.utils.Reporter.reportStep(Reporter.java:92)
at com.framework.selenium.api.base.SeleniumBase.switchToWindow(SeleniumBase.java:783)
at com.medmantra.pages.PaymentsPage.verifyRegistration(PaymentsPage.java:378)
at com.medmantra.testcases.Registration.TC_001_REG_NormalRegistration.normalRegistration(TC_001_REG_NormalRegistration.java:56)
at com.medmantra.testcases.Registration.TC_007_REG_Patient_Search.preScript(TC_007_REG_Patient_Search.java:23)
at java.base/jdk.internal.reflect.NativeMethodAccessorImpl.invoke0(Native Method)
at java.base/jdk.internal.reflect.NativeMethodAccessorImpl.invoke(NativeMethodAccessorImpl.java:77)
at java.base/jdk.internal.reflect.DelegatingMethodAccessorImpl.invoke(DelegatingMethodAccessorImpl.java:43)
at java.base/java.lang.reflect.Method.invoke(Method.java:568)
at org.testng.internal.MethodInvocationHelper.invokeMethod(MethodInvocationHelper.java:133)
at org.testng.internal.MethodInvocationHelper.invokeMethodConsideringTimeout(MethodInvocationHelper.java:62)
at org.testng.internal.ConfigInvoker.invokeConfigurationMethod(ConfigInvoker.java:385)
at org.testng.internal.ConfigInvoker.invokeConfigurations(ConfigInvoker.java:321)
at org.testng.internal.TestInvoker.runConfigMethods(TestInvoker.java:700)
at org.testng.internal.TestInvoker.invokeMethod(TestInvoker.java:527)
at org.testng.internal.TestInvoker.invokeTestMethod(TestInvoker.java:173)
at org.testng.internal.MethodRunner.runInSequence(MethodRunner.java:46)
at org.testng.internal.TestInvoker$MethodInvocationAgent.invoke(TestInvoker.java:824)
at org.testng.internal.TestInvoker.invokeTestMethods(TestInvoker.java:146)
at org.testng.internal.TestMethodWorker.invokeTestMethods(TestMethodWorker.java:146)
at org.testng.internal.TestMethodWorker.run(TestMethodWorker.java:128)
at java.base/java.util.ArrayList.forEach(ArrayList.java:1511)
at org.testng.TestRunner.privateRun(TestRunner.java:794)
at org.testng.TestRunner.run(TestRunner.java:596)
at org.testng.SuiteRunner.runTest(SuiteRunner.java:377)
at org.testng.SuiteRunner.runSequentially(SuiteRunner.java:371)
at org.testng.SuiteRunner.privateRun(SuiteRunner.java:332)
at org.testng.SuiteRunner.run(SuiteRunner.java:276)
at org.testng.SuiteRunnerWorker.runSuite(SuiteRunnerWorker.java:53)
at org.testng.SuiteRunnerWorker.run(SuiteRunnerWorker.java:96)
at org.testng.TestNG.runSuitesSequentially(TestNG.java:1212)
at org.testng.TestNG.runSuitesLocally(TestNG.java:1134)
at org.testng.TestNG.runSuites(TestNG.java:1063)
at org.testng.TestNG.run(TestNG.java:1031)
at org.testng.remote.AbstractRemoteTestNG.run(AbstractRemoteTestNG.java:115)
at org.testng.remote.RemoteTestNG.initAndRun(RemoteTestNG.java:251)
at org.testng.remote.RemoteTestNG.main(RemoteTestNG.java:77)
]]>
    </error>
  </testcase> <!-- preScript -->
  <system-out/>
  <testcase classname="com.medmantra.testcases.Registration.TC_007_REG_Patient_Search" name="runPatientSearch" time="0.000">
    <skipped/>
  </testcase> <!-- runPatientSearch -->
=======
<testsuite hostname="DESKTOP-6CGC2KB" failures="0" tests="1" name="com.medmantra.testcases.Registration.TC_007_REG_Patient_Search" time="138.656" errors="0" timestamp="2022-08-23T22:59:58 IST" skipped="0">
  <testcase classname="com.medmantra.testcases.Registration.TC_007_REG_Patient_Search" name="runPatientSearch" time="138.656"/>
>>>>>>> 9d84e3b6d0e3e07b1c620f9f03a38b8a429cb916
  <system-out/>
</testsuite> <!-- com.medmantra.testcases.Registration.TC_007_REG_Patient_Search -->
