<?xml version="1.0" encoding="UTF-8"?>
<!-- Generated by org.testng.reporters.JUnitReportReporter -->
<testsuite hostname="DESKTOP-BOAEE06" failures="0" tests="1" name="com.trulances.testcases2.TC_14036_VerifyTrulanceHelpedPeopleTrulanceIBSC" time="27.604" errors="0" timestamp="2022-12-14T12:09:22 IST" skipped="0">
  <testcase classname="com.trulances.testcases2.TC_14036_VerifyTrulanceHelpedPeopleTrulanceIBSC" name="runVerifySubHeadOfTrulanceIBSC" time="27.604"/>
  <system-out/>
</testsuite> <!-- com.trulances.testcases2.TC_14036_VerifyTrulanceHelpedPeopleTrulanceIBSC -->
