<?xml version="1.0" encoding="UTF-8"?>
<!-- Generated by org.testng.reporters.JUnitReportReporter -->
<testsuite hostname="DESKTOP-BOAEE06" failures="0" tests="1" name="com.trulances.testcases.TC_14038_VerifyHowitsWorksSubMenu" time="26.794" errors="0" timestamp="2022-12-10T19:43:04 IST" skipped="0">
  <testcase classname="com.trulances.testcases.TC_14038_VerifyHowitsWorksSubMenu" name="runVerifyHowitsWorksSubMenu" time="26.794"/>
  <system-out/>
</testsuite> <!-- com.trulances.testcases.TC_14038_VerifyHowitsWorksSubMenu -->
