<?xml version="1.0" encoding="UTF-8"?>
<!-- Generated by org.testng.reporters.JUnitReportReporter -->
<testsuite hostname="DESKTOP-BOAEE06" failures="0" tests="1" name="com.novo.testcases.TC_131112_verifyOffsiteLinksContentIcon" time="41.056" errors="0" timestamp="2022-11-14T10:10:31 IST" skipped="0">
  <testcase classname="com.novo.testcases.TC_131112_verifyOffsiteLinksContentIcon" name="runverifyOffsiteLinksContentIcon" time="41.056"/>
  <system-out/>
</testsuite> <!-- com.novo.testcases.TC_131112_verifyOffsiteLinksContentIcon -->
