<?xml version="1.0" encoding="UTF-8"?>
<!-- Generated by org.testng.reporters.JUnitReportReporter -->
<testsuite hostname="DESKTOP-BOAEE06" failures="0" tests="1" name="com.trulances.testcases.TC_14033_VerifyBelowContentHeading3Identity" time="100.050" errors="0" timestamp="2022-12-10T16:54:33 IST" skipped="0">
  <testcase classname="com.trulances.testcases.TC_14033_VerifyBelowContentHeading3Identity" name="runVerifyBelowContentHeading3Identity" time="100.050"/>
  <system-out/>
</testsuite> <!-- com.trulances.testcases.TC_14033_VerifyBelowContentHeading3Identity -->
