<?xml version="1.0" encoding="UTF-8"?>
<!-- Generated by org.testng.reporters.JUnitReportReporter -->
<testsuite hostname="EC-AUTOMA-001" failures="0" tests="1" name="com.medmantra.testcases.AHC.TC_138_AHCSummary_PendingSummary_Numberofsummariespending" time="19.664" errors="0" timestamp="2022-09-19T22:04:52 PDT" skipped="0">
  <testcase classname="com.medmantra.testcases.AHC.TC_138_AHCSummary_PendingSummary_Numberofsummariespending" name="runAHCSummaryPendingSummaryNumberofsummariespending" time="19.664"/>
  <system-out/>
</testsuite> <!-- com.medmantra.testcases.AHC.TC_138_AHCSummary_PendingSummary_Numberofsummariespending -->
