<?xml version="1.0" encoding="UTF-8"?>
<!-- Generated by org.testng.reporters.JUnitReportReporter -->
<testsuite hostname="DESKTOP-BOAEE06" failures="0" tests="1" name="com.trulances.testcases2.TC_14023_VerifyBodyCopyTextHeading2" time="27.355" errors="0" timestamp="2022-12-14T12:09:22 IST" skipped="0">
  <testcase classname="com.trulances.testcases2.TC_14023_VerifyBodyCopyTextHeading2" name="runVerifyBodyCopyTextHeading2" time="27.355"/>
  <system-out/>
</testsuite> <!-- com.trulances.testcases2.TC_14023_VerifyBodyCopyTextHeading2 -->
