<?xml version="1.0" encoding="UTF-8"?>
<!-- Generated by org.testng.reporters.JUnitReportReporter -->
<testsuite hostname="EC-AUTOMA-001" failures="0" tests="1" name="com.medmantra.testcases.Laboratory.TC_221_LAB_DynamicReportingStatus_Count" time="20.640" errors="0" timestamp="2022-09-13T12:27:53 PDT" skipped="0">
  <testcase classname="com.medmantra.testcases.Laboratory.TC_221_LAB_DynamicReportingStatus_Count" name="runDynamicReportingStatusCount" time="20.640"/>
  <system-out/>
</testsuite> <!-- com.medmantra.testcases.Laboratory.TC_221_LAB_DynamicReportingStatus_Count -->
