<?xml version="1.0" encoding="UTF-8"?>
<!-- Generated by org.testng.reporters.JUnitReportReporter -->
<testsuite hostname="DESKTOP-6CGC2KB" failures="0" tests="1" name="com.medmantra.testcases.ES_Appoinment.TC_027_ES_AppointmentBooking_Waitlist" time="71.183" errors="0" timestamp="2022-10-06T12:43:45 IST" skipped="0">
  <testcase classname="com.medmantra.testcases.ES_Appoinment.TC_027_ES_AppointmentBooking_Waitlist" name="runAppoinmentBookingWaitlist" time="71.183"/>
  <system-out/>
</testsuite> <!-- com.medmantra.testcases.ES_Appoinment.TC_027_ES_AppointmentBooking_Waitlist -->
