<?xml version="1.0" encoding="UTF-8"?>
<!-- Generated by org.testng.reporters.JUnitReportReporter -->
<testsuite hostname="DESKTOP-BOAEE06" failures="0" tests="1" name="com.novo.testcases.TC_131124_VerifyFontPropinSec5" time="46.008" errors="0" timestamp="2022-11-17T11:19:41 IST" skipped="0">
  <testcase classname="com.novo.testcases.TC_131124_VerifyFontPropinSec5" name="runVerifyContImgInSec4" time="46.008"/>
  <system-out/>
</testsuite> <!-- com.novo.testcases.TC_131124_VerifyFontPropinSec5 -->
