<?xml version="1.0" encoding="UTF-8"?>
<!-- Generated by org.testng.reporters.JUnitReportReporter -->
<<<<<<< HEAD
<testsuite hostname="EC-AUTOMA-001" failures="0" tests="1" name="com.medmantra.testcases.OPWards.TC_067_Secretary_Dashboard_AHC_Appointment_New_Registration" time="56.840" errors="0" timestamp="2022-09-18T23:51:56 PDT" skipped="0">
  <testcase classname="com.medmantra.testcases.OPWards.TC_067_Secretary_Dashboard_AHC_Appointment_New_Registration" name="runAppoinmentBooking" time="56.840"/>
=======
<<<<<<< HEAD
<testsuite hostname="DESKTOP-6CGC2KB" failures="0" tests="1" name="com.medmantra.testcases.OPWards.TC_067_Secretary_Dashboard_AHC_Appointment_New_Registration" time="0.000" errors="0" timestamp="2022-08-17T09:13:18 IST" skipped="1">
  <testcase classname="com.medmantra.testcases.OPWards.TC_067_Secretary_Dashboard_AHC_Appointment_New_Registration" name="runAppoinmentBooking" time="0.000">
    <skipped/>
  </testcase> <!-- runAppoinmentBooking -->
=======
<testsuite hostname="EC-AUTOMA-001" failures="0" tests="1" name="com.medmantra.testcases.OPWards.TC_067_Secretary_Dashboard_AHC_Appointment_New_Registration" time="101.740" errors="0" timestamp="2022-09-15T10:41:17 PDT" skipped="0">
  <testcase classname="com.medmantra.testcases.OPWards.TC_067_Secretary_Dashboard_AHC_Appointment_New_Registration" name="runAppoinmentBooking" time="101.740"/>
>>>>>>> a36527de2242561f4ee434d68ee0055eb38bdbe2
>>>>>>> 9d84e3b6d0e3e07b1c620f9f03a38b8a429cb916
  <system-out/>
</testsuite> <!-- com.medmantra.testcases.OPWards.TC_067_Secretary_Dashboard_AHC_Appointment_New_Registration -->
