<?xml version="1.0" encoding="UTF-8"?>
<!-- Generated by org.testng.reporters.JUnitReportReporter -->
<testsuite hostname="DESKTOP-6CGC2KB" failures="0" tests="1" name="com.medmantra.testcases.AHC.TC_082_Transactions_AHCConsultationScreen_Assigntodoctor" time="121.274" errors="0" timestamp="2022-09-27T11:55:38 IST" skipped="0">
  <testcase classname="com.medmantra.testcases.AHC.TC_082_Transactions_AHCConsultationScreen_Assigntodoctor" name="runAssigntodoctor" time="121.274"/>
  <system-out/>
</testsuite> <!-- com.medmantra.testcases.AHC.TC_082_Transactions_AHCConsultationScreen_Assigntodoctor -->
