<?xml version="1.0" encoding="UTF-8"?>
<!-- Generated by org.testng.reporters.JUnitReportReporter -->
<testsuite hostname="DESKTOP-BOAEE06" failures="0" tests="1" name="com.trulances.testcases.TC_14041_VerifyTakingTrulancePageListCont" time="25.038" errors="0" timestamp="2022-12-12T12:23:31 IST" skipped="0">
  <testcase classname="com.trulances.testcases.TC_14041_VerifyTakingTrulancePageListCont" name="runVerifyTakingTrulancePageListCont" time="25.038"/>
  <system-out/>
</testsuite> <!-- com.trulances.testcases.TC_14041_VerifyTakingTrulancePageListCont -->
