<?xml version="1.0" encoding="UTF-8"?>
<!-- Generated by org.testng.reporters.JUnitReportReporter -->
<testsuite hostname="DESKTOP-BOAEE06" failures="0" tests="1" name="com.trulances.testcases.TC_14044_VerifyDoctorDiscussionMenuContent" time="24.786" errors="0" timestamp="2022-12-12T12:19:06 IST" skipped="0">
  <testcase classname="com.trulances.testcases.TC_14044_VerifyDoctorDiscussionMenuContent" name="runVerifyPatientStoriesPageBody" time="24.786"/>
  <system-out/>
</testsuite> <!-- com.trulances.testcases.TC_14044_VerifyDoctorDiscussionMenuContent -->
