<?xml version="1.0" encoding="UTF-8"?>
<!-- Generated by org.testng.reporters.JUnitReportReporter -->
<testsuite hostname="DESKTOP-BOAEE06" failures="0" tests="1" name="com.trulances.testcases.TC_14031_VerifyTrulanceForCICBodyCopy" time="25.137" errors="0" timestamp="2022-12-10T14:40:05 IST" skipped="0">
  <testcase classname="com.trulances.testcases.TC_14031_VerifyTrulanceForCICBodyCopy" name="runVerifyVerifyTrulanceForCICBodyCopy" time="25.137"/>
  <system-out/>
</testsuite> <!-- com.trulances.testcases.TC_14031_VerifyTrulanceForCICBodyCopy -->
