<?xml version="1.0" encoding="UTF-8"?>
<!-- Generated by org.testng.reporters.JUnitReportReporter -->
<testsuite hostname="DESKTOP-6CGC2KB" failures="0" tests="1" name="com.medmantra.testcases.ES_Appoinment.TC_030_ES_ViewAppointmentsReschedule" time="39.029" errors="1" timestamp="2022-09-08T16:58:29 IST" skipped="0">
  <testcase classname="com.medmantra.testcases.ES_Appoinment.TC_030_ES_ViewAppointmentsReschedule" name="ViewAppointmentsReschedule" time="39.029">
    <error message="unexpected alert open: {Alert text : No Appointments found}
  (Session info: MicrosoftEdge=105.0.1343.27): No Appointments found
Build info: version: &#039;4.1.1&#039;, revision: &#039;e8fcc2cecf&#039;
System info: host: &#039;DESKTOP-6CGC2KB&#039;, ip: &#039;10.22.61.229&#039;, os.name: &#039;Windows 10&#039;, os.arch: &#039;amd64&#039;, os.version: &#039;10.0&#039;, java.version: &#039;16.0.1&#039;
Driver info: org.openqa.selenium.edge.EdgeDriver
Command: [e75f002828b3b6626871045fc60ae6c0, executeScript {script=var element = document.querySelector(&#039;#AppID1&#039;); var rightClick = document.createEvent(&#039;MouseEvents&#039;); rightClick.initMouseEvent(&#039;contextmenu&#039;, true, true, document.defaultView, 1, 0, 0, 0, 0, false,false, false, false, 2, null); element.dispatchEvent(rightClick);, args=[]}]
Capabilities {acceptInsecureCerts: false, browserName: msedge, browserVersion: 105.0.1343.27, javascriptEnabled: true, ms:edgeOptions: {debuggerAddress: localhost:65047}, msedge: {msedgedriverVersion: 105.0.1343.27 (ca9c37b5a3be..., userDataDir: C:\Users\RAMKUM~1\AppData\L...}, networkConnectionEnabled: false, pageLoadStrategy: normal, platform: WINDOWS, platformName: WINDOWS, proxy: Proxy(), se:cdp: ws://localhost:65047/devtoo..., se:cdpVersion: 105.0.1343.27, setWindowRect: true, strictFileInteractability: false, timeouts: {implicit: 0, pageLoad: 300000, script: 30000}, unhandledPromptBehavior: dismiss and notify, webauthn:extension:credBlob: true, webauthn:extension:largeBlob: true, webauthn:virtualAuthenticators: true}
Session ID: e75f002828b3b6626871045fc60ae6c0" type="org.openqa.selenium.UnhandledAlertException">
      <![CDATA[org.openqa.selenium.UnhandledAlertException: unexpected alert open: {Alert text : No Appointments found}
  (Session info: MicrosoftEdge=105.0.1343.27): No Appointments found
Build info: version: '4.1.1', revision: 'e8fcc2cecf'
System info: host: 'DESKTOP-6CGC2KB', ip: '10.22.61.229', os.name: 'Windows 10', os.arch: 'amd64', os.version: '10.0', java.version: '16.0.1'
Driver info: org.openqa.selenium.edge.EdgeDriver
Command: [e75f002828b3b6626871045fc60ae6c0, executeScript {script=var element = document.querySelector('#AppID1'); var rightClick = document.createEvent('MouseEvents'); rightClick.initMouseEvent('contextmenu', true, true, document.defaultView, 1, 0, 0, 0, 0, false,false, false, false, 2, null); element.dispatchEvent(rightClick);, args=[]}]
Capabilities {acceptInsecureCerts: false, browserName: msedge, browserVersion: 105.0.1343.27, javascriptEnabled: true, ms:edgeOptions: {debuggerAddress: localhost:65047}, msedge: {msedgedriverVersion: 105.0.1343.27 (ca9c37b5a3be..., userDataDir: C:\Users\RAMKUM~1\AppData\L...}, networkConnectionEnabled: false, pageLoadStrategy: normal, platform: WINDOWS, platformName: WINDOWS, proxy: Proxy(), se:cdp: ws://localhost:65047/devtoo..., se:cdpVersion: 105.0.1343.27, setWindowRect: true, strictFileInteractability: false, timeouts: {implicit: 0, pageLoad: 300000, script: 30000}, unhandledPromptBehavior: dismiss and notify, webauthn:extension:credBlob: true, webauthn:extension:largeBlob: true, webauthn:virtualAuthenticators: true}
Session ID: e75f002828b3b6626871045fc60ae6c0
at org.openqa.selenium.remote.codec.w3c.W3CHttpResponseCodec.decode(W3CHttpResponseCodec.java:131)
at org.openqa.selenium.remote.codec.w3c.W3CHttpResponseCodec.decode(W3CHttpResponseCodec.java:53)
at org.openqa.selenium.remote.HttpCommandExecutor.execute(HttpCommandExecutor.java:184)
at org.openqa.selenium.remote.service.DriverCommandExecutor.invokeExecute(DriverCommandExecutor.java:167)
at org.openqa.selenium.remote.service.DriverCommandExecutor.execute(DriverCommandExecutor.java:142)
at org.openqa.selenium.remote.RemoteWebDriver.execute(RemoteWebDriver.java:543)
at org.openqa.selenium.remote.RemoteWebDriver.executeScript(RemoteWebDriver.java:477)
at com.medmantra.pages.ViewAppointmentsPage.rightclickAppointmentsID(ViewAppointmentsPage.java:175)
at com.medmantra.testcases.ES_Appoinment.TC_030_ES_ViewAppointmentsReschedule.ViewAppointmentsReschedule(TC_030_ES_ViewAppointmentsReschedule.java:34)
at java.base/jdk.internal.reflect.NativeMethodAccessorImpl.invoke0(Native Method)
at java.base/jdk.internal.reflect.NativeMethodAccessorImpl.invoke(NativeMethodAccessorImpl.java:78)
at java.base/jdk.internal.reflect.DelegatingMethodAccessorImpl.invoke(DelegatingMethodAccessorImpl.java:43)
at java.base/java.lang.reflect.Method.invoke(Method.java:567)
at org.testng.internal.MethodInvocationHelper.invokeMethod(MethodInvocationHelper.java:133)
at org.testng.internal.TestInvoker.invokeMethod(TestInvoker.java:598)
at org.testng.internal.TestInvoker.invokeTestMethod(TestInvoker.java:173)
at org.testng.internal.MethodRunner.runInSequence(MethodRunner.java:46)
at org.testng.internal.TestInvoker$MethodInvocationAgent.invoke(TestInvoker.java:824)
at org.testng.internal.TestInvoker.invokeTestMethods(TestInvoker.java:146)
at org.testng.internal.TestMethodWorker.invokeTestMethods(TestMethodWorker.java:146)
at org.testng.internal.TestMethodWorker.run(TestMethodWorker.java:128)
at java.base/java.util.ArrayList.forEach(ArrayList.java:1511)
at org.testng.TestRunner.privateRun(TestRunner.java:794)
at org.testng.TestRunner.run(TestRunner.java:596)
at org.testng.SuiteRunner.runTest(SuiteRunner.java:377)
at org.testng.SuiteRunner.runSequentially(SuiteRunner.java:371)
at org.testng.SuiteRunner.privateRun(SuiteRunner.java:332)
at org.testng.SuiteRunner.run(SuiteRunner.java:276)
at org.testng.SuiteRunnerWorker.runSuite(SuiteRunnerWorker.java:53)
at org.testng.SuiteRunnerWorker.run(SuiteRunnerWorker.java:96)
at org.testng.TestNG.runSuitesSequentially(TestNG.java:1212)
at org.testng.TestNG.runSuitesLocally(TestNG.java:1134)
at org.testng.TestNG.runSuites(TestNG.java:1063)
at org.testng.TestNG.run(TestNG.java:1031)
at org.testng.remote.AbstractRemoteTestNG.run(AbstractRemoteTestNG.java:115)
at org.testng.remote.RemoteTestNG.initAndRun(RemoteTestNG.java:251)
at org.testng.remote.RemoteTestNG.main(RemoteTestNG.java:77)
]]>
    </error>
  </testcase> <!-- ViewAppointmentsReschedule -->
  <system-out/>
</testsuite> <!-- com.medmantra.testcases.ES_Appoinment.TC_030_ES_ViewAppointmentsReschedule -->
