<?xml version="1.0" encoding="UTF-8"?>
<!-- Generated by org.testng.reporters.JUnitReportReporter -->
<testsuite hostname="DESKTOP-BOAEE06" failures="0" tests="1" name="com.trulances.testcases2.TC_14045_VerifyStomachPainText" time="23.819" errors="0" timestamp="2022-12-14T12:09:21 IST" skipped="0">
  <testcase classname="com.trulances.testcases2.TC_14045_VerifyStomachPainText" name="runVerifyStomachPainText" time="23.819"/>
  <system-out/>
</testsuite> <!-- com.trulances.testcases2.TC_14045_VerifyStomachPainText -->
