<?xml version="1.0" encoding="UTF-8"?>
<!-- Generated by org.testng.reporters.JUnitReportReporter -->
<testsuite hostname="DESKTOP-BOAEE06" failures="0" tests="1" name="com.trulances.testcases.TC_14024_VerifyIBSCandCICButtonLocation" time="11.277" errors="0" timestamp="2022-12-12T12:50:59 IST" skipped="0">
  <testcase classname="com.trulances.testcases.TC_14024_VerifyIBSCandCICButtonLocation" name="runVerifyIBSCandCICButtonLocation" time="11.277"/>
  <system-out/>
</testsuite> <!-- com.trulances.testcases.TC_14024_VerifyIBSCandCICButtonLocation -->
