<?xml version="1.0" encoding="UTF-8"?>
<!-- Generated by org.testng.reporters.JUnitReportReporter -->
<testsuite hostname="DESKTOP-BOAEE06" failures="0" tests="1" name="com.trulances.testcases.TC_14036_VerifyTrulanceHelpedPeopleTrulanceIBSC" time="28.041" errors="0" timestamp="2022-12-10T18:43:54 IST" skipped="0">
  <testcase classname="com.trulances.testcases.TC_14036_VerifyTrulanceHelpedPeopleTrulanceIBSC" name="runVerifySubHeadOfTrulanceIBSC" time="28.041"/>
  <system-out/>
</testsuite> <!-- com.trulances.testcases.TC_14036_VerifyTrulanceHelpedPeopleTrulanceIBSC -->
