<?xml version="1.0" encoding="UTF-8"?>
<!-- Generated by org.testng.reporters.JUnitReportReporter -->
<testsuite hostname="DESKTOP-BOAEE06" failures="0" tests="1" name="com.novo.testcases.Test" time="32.648" errors="0" timestamp="2022-10-19T15:03:08 IST" skipped="0">
  <testcase classname="com.novo.testcases.Test" name="runVerifyMenuFontProp" time="32.648"/>
  <system-out/>
</testsuite> <!-- com.novo.testcases.Test -->
