<?xml version="1.0" encoding="UTF-8"?>
<!-- Generated by org.testng.reporters.JUnitReportReporter -->
<testsuite hostname="DESKTOP-BOAEE06" failures="0" tests="1" name="com.novo.testcases.TC_131102_VerifyMenuandLogoPresenseinHeader" time="40.526" errors="0" timestamp="2022-11-23T14:26:13 IST" skipped="0">
  <testcase classname="com.novo.testcases.TC_131102_VerifyMenuandLogoPresenseinHeader" name="runVerifyMenuandLogoPresence" time="40.526"/>
  <system-out/>
</testsuite> <!-- com.novo.testcases.TC_131102_VerifyMenuandLogoPresenseinHeader -->
