<?xml version="1.0" encoding="UTF-8"?>
<!-- Generated by org.testng.reporters.JUnitReportReporter -->
<testsuite hostname="DESKTOP-BOAEE06" failures="0" tests="1" name="com.novo.testcases.TC_131111_VerifyReferenceTextinFooter" time="21.150" errors="0" timestamp="2022-11-23T17:58:59 IST" skipped="0">
  <testcase classname="com.novo.testcases.TC_131111_VerifyReferenceTextinFooter" name="runVerifyReferenceTextinFooter" time="21.150"/>
  <system-out/>
</testsuite> <!-- com.novo.testcases.TC_131111_VerifyReferenceTextinFooter -->
