<?xml version="1.0" encoding="UTF-8"?>
<!-- Generated by org.testng.reporters.JUnitReportReporter -->
<testsuite hostname="DESKTOP-BOAEE06" failures="0" tests="1" name="com.novo.testcases.TC_131119_VerifyFontPropInSec2" time="74.921" errors="0" timestamp="2022-11-24T12:13:16 IST" skipped="0">
  <testcase classname="com.novo.testcases.TC_131119_VerifyFontPropInSec2" name="runVerifyFontPropInSec2" time="74.921"/>
  <system-out/>
</testsuite> <!-- com.novo.testcases.TC_131119_VerifyFontPropInSec2 -->
