<?xml version="1.0" encoding="UTF-8"?>
<!-- Generated by org.testng.reporters.JUnitReportReporter -->
<testsuite hostname="DESKTOP-6CGC2KB" failures="0" tests="1" name="com.medmantra.testcases.AHC.TC_136_AHCSummary_FinalImpression" time="37.247" errors="0" timestamp="2022-09-26T17:53:24 IST" skipped="0">
  <testcase classname="com.medmantra.testcases.AHC.TC_136_AHCSummary_FinalImpression" name="runFinalImpression" time="37.247"/>
  <system-out/>
</testsuite> <!-- com.medmantra.testcases.AHC.TC_136_AHCSummary_FinalImpression -->
