<?xml version="1.0" encoding="UTF-8"?>
<!-- Generated by org.testng.reporters.JUnitReportReporter -->
<testsuite hostname="DESKTOP-6CGC2KB" failures="0" tests="1" name="com.medmantra.testcases.ES_Appoinment.AppointmentBookingWithCurrentDate" time="0.000" errors="0" timestamp="2022-10-06T12:43:45 IST" skipped="1">
  <testcase classname="com.medmantra.testcases.ES_Appoinment.AppointmentBookingWithCurrentDate" name="runAppoinmentBooking" time="0.000">
    <skipped/>
  </testcase> <!-- runAppoinmentBooking -->
  <system-out/>
</testsuite> <!-- com.medmantra.testcases.ES_Appoinment.AppointmentBookingWithCurrentDate -->
