<?xml version="1.0" encoding="UTF-8"?>
<!-- Generated by org.testng.reporters.JUnitReportReporter -->
<testsuite hostname="DESKTOP-6CGC2KB" failures="0" tests="1" name="com.medmantra.testcases.OPBilling.TC_018_BillExecution_DepositRefund_Cash_Delete" time="23.027" errors="0" timestamp="2022-08-18T13:20:53 IST" skipped="0">
  <testcase classname="com.medmantra.testcases.OPBilling.TC_018_BillExecution_DepositRefund_Cash_Delete" name="runDepositCashDelete" time="23.027"/>
  <system-out/>
</testsuite> <!-- com.medmantra.testcases.OPBilling.TC_018_BillExecution_DepositRefund_Cash_Delete -->
