<?xml version="1.0" encoding="UTF-8"?>
<!-- Generated by org.testng.reporters.JUnitReportReporter -->
<testsuite hostname="EC-AUTOMA-001" failures="0" tests="1" name="com.medmantra.testcases.Registration.TC_072_REG_OnDemandSearch" time="163.626" errors="0" timestamp="2022-09-17T23:21:12 PDT" skipped="0">
  <testcase classname="com.medmantra.testcases.Registration.TC_072_REG_OnDemandSearch" name="runOnDemandSearch" time="163.626"/>
  <system-out/>
</testsuite> <!-- com.medmantra.testcases.Registration.TC_072_REG_OnDemandSearch -->
