<?xml version="1.0" encoding="UTF-8"?>
<!-- Generated by org.testng.reporters.JUnitReportReporter -->
<testsuite hostname="EC-AUTOMA-001" failures="0" tests="3" name="com.medmantra.testcases.Laboratory.TC_244_LAB_Reports_TurnAroundTimeCalculationPatientwise" time="248.741" errors="1" timestamp="2022-09-13T12:27:53 PDT" skipped="2">
  <testcase classname="com.medmantra.testcases.Laboratory.TC_244_LAB_Reports_TurnAroundTimeCalculationPatientwise" name="runDailySampleCollection" time="83.007">
    <skipped/>
  </testcase> <!-- runDailySampleCollection -->
  <system-out/>
  <testcase classname="com.medmantra.testcases.Laboratory.TC_244_LAB_Reports_TurnAroundTimeCalculationPatientwise" name="runDailySampleCollection" time="82.754">
    <error message="See the reporter for details." type="java.lang.RuntimeException">
      <![CDATA[java.lang.RuntimeException: See the reporter for details.
at com.framework.utils.Reporter.reportStep(Reporter.java:92)
at com.framework.selenium.api.base.SeleniumBase.acceptAlert(SeleniumBase.java:710)
at com.medmantra.pages.TATCalculatorPage.clickPatientServiceWise(TATCalculatorPage.java:18)
at com.medmantra.testcases.Laboratory.TC_244_LAB_Reports_TurnAroundTimeCalculationPatientwise.runDailySampleCollection(TC_244_LAB_Reports_TurnAroundTimeCalculationPatientwise.java:32)
at java.base/jdk.internal.reflect.NativeMethodAccessorImpl.invoke0(Native Method)
at java.base/jdk.internal.reflect.NativeMethodAccessorImpl.invoke(NativeMethodAccessorImpl.java:77)
at java.base/jdk.internal.reflect.DelegatingMethodAccessorImpl.invoke(DelegatingMethodAccessorImpl.java:43)
at java.base/java.lang.reflect.Method.invoke(Method.java:568)
at org.testng.internal.MethodInvocationHelper.invokeMethod(MethodInvocationHelper.java:133)
at org.testng.internal.TestInvoker.invokeMethod(TestInvoker.java:598)
at org.testng.internal.TestInvoker.retryFailed(TestInvoker.java:213)
at org.testng.internal.MethodRunner.runInSequence(MethodRunner.java:58)
at org.testng.internal.TestInvoker$MethodInvocationAgent.invoke(TestInvoker.java:824)
at org.testng.internal.TestInvoker.invokeTestMethods(TestInvoker.java:146)
at org.testng.internal.TestMethodWorker.invokeTestMethods(TestMethodWorker.java:146)
at org.testng.internal.TestMethodWorker.run(TestMethodWorker.java:128)
at java.base/java.util.ArrayList.forEach(ArrayList.java:1511)
at org.testng.TestRunner.privateRun(TestRunner.java:794)
at org.testng.TestRunner.run(TestRunner.java:596)
at org.testng.SuiteRunner.runTest(SuiteRunner.java:377)
at org.testng.SuiteRunner.runSequentially(SuiteRunner.java:371)
at org.testng.SuiteRunner.privateRun(SuiteRunner.java:332)
at org.testng.SuiteRunner.run(SuiteRunner.java:276)
at org.testng.SuiteRunnerWorker.runSuite(SuiteRunnerWorker.java:53)
at org.testng.SuiteRunnerWorker.run(SuiteRunnerWorker.java:96)
at org.testng.TestNG.runSuitesSequentially(TestNG.java:1212)
at org.testng.TestNG.runSuitesLocally(TestNG.java:1134)
at org.testng.TestNG.runSuites(TestNG.java:1063)
at org.testng.TestNG.run(TestNG.java:1031)
at org.testng.remote.AbstractRemoteTestNG.run(AbstractRemoteTestNG.java:115)
at org.testng.remote.RemoteTestNG.initAndRun(RemoteTestNG.java:251)
at org.testng.remote.RemoteTestNG.main(RemoteTestNG.java:77)
]]>
    </error>
  </testcase> <!-- runDailySampleCollection -->
  <system-out/>
  <testcase classname="com.medmantra.testcases.Laboratory.TC_244_LAB_Reports_TurnAroundTimeCalculationPatientwise" name="runDailySampleCollection" time="82.980">
    <skipped/>
  </testcase> <!-- runDailySampleCollection -->
  <system-out/>
</testsuite> <!-- com.medmantra.testcases.Laboratory.TC_244_LAB_Reports_TurnAroundTimeCalculationPatientwise -->
