<?xml version="1.0" encoding="UTF-8"?>
<!-- Generated by org.testng.reporters.JUnitReportReporter -->
<testsuite hostname="EC-AUTOMA-001" failures="0" tests="1" name="com.medmantra.testcases.Laboratory.TC_039_LAB_ReceiveSampleRejectSamples" time="0.000" errors="0" timestamp="2022-09-13T12:27:53 PDT" skipped="1">
  <testcase classname="com.medmantra.testcases.Laboratory.TC_039_LAB_ReceiveSampleRejectSamples" name="runReceiveSamplesRejectSamples" time="0.000">
    <skipped/>
  </testcase> <!-- runReceiveSamplesRejectSamples -->
  <system-out/>
</testsuite> <!-- com.medmantra.testcases.Laboratory.TC_039_LAB_ReceiveSampleRejectSamples -->
