<?xml version="1.0" encoding="UTF-8"?>
<!-- Generated by org.testng.reporters.JUnitReportReporter -->
<testsuite hostname="DESKTOP-BOAEE06" failures="0" tests="1" name="com.novo.testcases.TC_131120VerifyContentImgInSec3" time="140.034" errors="0" timestamp="2022-11-24T12:42:31 IST" skipped="0">
  <testcase classname="com.novo.testcases.TC_131120VerifyContentImgInSec3" name="runVerifyContentImgInSec3" time="140.034"/>
  <system-out/>
</testsuite> <!-- com.novo.testcases.TC_131120VerifyContentImgInSec3 -->
