<?xml version="1.0" encoding="UTF-8"?>
<!-- Generated by org.testng.reporters.JUnitReportReporter -->
<testsuite hostname="EC-AUTOMA-001" failures="0" tests="1" name="com.medmantra.testcases.Admission.TC_034_Transactions_IPSearch" time="36.313" errors="0" timestamp="2022-09-19T23:20:11 PDT" skipped="0">
  <testcase classname="com.medmantra.testcases.Admission.TC_034_Transactions_IPSearch" name="runIPSearch" time="36.313"/>
  <system-out/>
</testsuite> <!-- com.medmantra.testcases.Admission.TC_034_Transactions_IPSearch -->
