<?xml version="1.0" encoding="UTF-8"?>
<!-- Generated by org.testng.reporters.JUnitReportReporter -->
<testsuite hostname="DESKTOP-BOAEE06" failures="0" tests="1" name="com.trulances.testcases.TC_14016_VerfyRemainingMenusDisplay" time="9.781" errors="0" timestamp="2022-12-14T11:31:00 IST" skipped="0">
  <testcase classname="com.trulances.testcases.TC_14016_VerfyRemainingMenusDisplay" name="runVerfyRemainingMenusDisplay" time="9.781"/>
  <system-out/>
</testsuite> <!-- com.trulances.testcases.TC_14016_VerfyRemainingMenusDisplay -->
