<?xml version="1.0" encoding="UTF-8"?>
<!-- Generated by org.testng.reporters.JUnitReportReporter -->
<testsuite hostname="DESKTOP-6CGC2KB" failures="0" tests="1" name="com.medmantra.testcases.Emergency.TC_036_Transactions_DashboardOPSearchExcel" time="49.156" errors="0" timestamp="2022-09-26T12:52:31 IST" skipped="0">
  <testcase classname="com.medmantra.testcases.Emergency.TC_036_Transactions_DashboardOPSearchExcel" name="DashboardOPSearchExcel" time="49.156"/>
  <system-out/>
</testsuite> <!-- com.medmantra.testcases.Emergency.TC_036_Transactions_DashboardOPSearchExcel -->
