<?xml version="1.0" encoding="UTF-8"?>
<!-- Generated by org.testng.reporters.JUnitReportReporter -->
<testsuite hostname="DESKTOP-6CGC2KB" failures="0" tests="1" name="com.medmantra.testcases.OPBilling.TC_070_BillExecution_DepositRefund_Security_Refund" time="114.575" errors="0" timestamp="2022-08-18T13:20:54 IST" skipped="0">
  <testcase classname="com.medmantra.testcases.OPBilling.TC_070_BillExecution_DepositRefund_Security_Refund" name="runSecurityRefund" time="114.575"/>
  <system-out/>
</testsuite> <!-- com.medmantra.testcases.OPBilling.TC_070_BillExecution_DepositRefund_Security_Refund -->
