<?xml version="1.0" encoding="UTF-8"?>
<!-- Generated by org.testng.reporters.JUnitReportReporter -->
<testsuite hostname="DESKTOP-6CGC2KB" failures="0" tests="1" name="com.medmantra.testcases.Laboratory.TC_243_LAB_Reports_TurnAroundTimeCalculation" time="29.359" errors="0" timestamp="2022-09-28T11:39:45 IST" skipped="0">
  <testcase classname="com.medmantra.testcases.Laboratory.TC_243_LAB_Reports_TurnAroundTimeCalculation" name="runDailySampleCollection" time="29.359"/>
  <system-out/>
</testsuite> <!-- com.medmantra.testcases.Laboratory.TC_243_LAB_Reports_TurnAroundTimeCalculation -->
