<?xml version="1.0" encoding="UTF-8"?>
<!-- Generated by org.testng.reporters.JUnitReportReporter -->
<testsuite hostname="DESKTOP-BOAEE06" failures="0" tests="1" name="com.novo.testcases.TC_131106_VerifyMenuFunctionality" time="36.463" errors="0" timestamp="2022-10-18T13:10:52 IST" skipped="0">
  <testcase classname="com.novo.testcases.TC_131106_VerifyMenuFunctionality" name="runVerifyMenuFontProp" time="36.463"/>
  <system-out/>
</testsuite> <!-- com.novo.testcases.TC_131106_VerifyMenuFunctionality -->
