<?xml version="1.0" encoding="UTF-8"?>
<!-- Generated by org.testng.reporters.JUnitReportReporter -->
<testsuite hostname="DESKTOP-6CGC2KB" failures="0" tests="1" name="com.medmantra.testcases.OPBilling.TC_060_DepositRefundRefundUpdate" time="0.000" errors="0" timestamp="2022-08-18T13:20:54 IST" skipped="1">
  <testcase classname="com.medmantra.testcases.OPBilling.TC_060_DepositRefundRefundUpdate" name="RefundRefundUpdate" time="0.000">
    <skipped/>
  </testcase> <!-- RefundRefundUpdate -->
  <system-out/>
</testsuite> <!-- com.medmantra.testcases.OPBilling.TC_060_DepositRefundRefundUpdate -->
