<?xml version="1.0" encoding="UTF-8"?>
<!-- Generated by org.testng.reporters.JUnitReportReporter -->
<testsuite hostname="DESKTOP-BOAEE06" failures="0" tests="1" name="com.trulances.testcases2.TC_14037_VerifyMoreLetterInSubHeading" time="27.720" errors="0" timestamp="2022-12-14T12:09:22 IST" skipped="0">
  <testcase classname="com.trulances.testcases2.TC_14037_VerifyMoreLetterInSubHeading" name="runVerifyVerifyMoreLetterInSubHeading" time="27.720"/>
  <system-out/>
</testsuite> <!-- com.trulances.testcases2.TC_14037_VerifyMoreLetterInSubHeading -->
