<?xml version="1.0" encoding="UTF-8"?>
<!-- Generated by org.testng.reporters.JUnitReportReporter -->
<testsuite hostname="DESKTOP-6CGC2KB" failures="0" tests="3" name="com.medmantra.testcases.Registration.TC_003_REG_PRNRegistration" time="510.915" errors="1" timestamp="2022-08-23T22:59:58 IST" skipped="2">
  <testcase classname="com.medmantra.testcases.Registration.TC_003_REG_PRNRegistration" name="prnRegistration" time="169.962">
    <skipped/>
  </testcase> <!-- prnRegistration -->
  <system-out/>
  <testcase classname="com.medmantra.testcases.Registration.TC_003_REG_PRNRegistration" name="prnRegistration" time="173.661">
    <error message="timeout: Timed out receiving message from renderer: 90.000
  (Session info: MicrosoftEdge=104.0.1293.63)
Build info: version: &#039;4.1.1&#039;, revision: &#039;e8fcc2cecf&#039;
System info: host: &#039;DESKTOP-6CGC2KB&#039;, ip: &#039;192.168.42.165&#039;, os.name: &#039;Windows 10&#039;, os.arch: &#039;amd64&#039;, os.version: &#039;10.0&#039;, java.version: &#039;16.0.1&#039;
Driver info: org.openqa.selenium.edge.EdgeDriver
Command: [c3a067d34ac49b777101270bbfd1f682, getTitle {}]
Capabilities {acceptInsecureCerts: false, browserName: msedge, browserVersion: 104.0.1293.63, javascriptEnabled: true, ms:edgeOptions: {debuggerAddress: localhost:57641}, msedge: {msedgedriverVersion: 104.0.1293.63 (7dd22b4a7f12..., userDataDir: C:\Users\RAMKUM~1\AppData\L...}, networkConnectionEnabled: false, pageLoadStrategy: normal, platform: WINDOWS, platformName: WINDOWS, proxy: Proxy(), se:cdp: ws://localhost:57641/devtoo..., se:cdpVersion: 104.0.1293.63, setWindowRect: true, strictFileInteractability: false, timeouts: {implicit: 0, pageLoad: 300000, script: 30000}, unhandledPromptBehavior: dismiss and notify, webauthn:extension:credBlob: true, webauthn:extension:largeBlob: true, webauthn:virtualAuthenticators: true}
Session ID: c3a067d34ac49b777101270bbfd1f682" type="org.openqa.selenium.TimeoutException">
      <![CDATA[org.openqa.selenium.TimeoutException: timeout: Timed out receiving message from renderer: 90.000
  (Session info: MicrosoftEdge=104.0.1293.63)
Build info: version: '4.1.1', revision: 'e8fcc2cecf'
System info: host: 'DESKTOP-6CGC2KB', ip: '192.168.42.165', os.name: 'Windows 10', os.arch: 'amd64', os.version: '10.0', java.version: '16.0.1'
Driver info: org.openqa.selenium.edge.EdgeDriver
Command: [c3a067d34ac49b777101270bbfd1f682, getTitle {}]
Capabilities {acceptInsecureCerts: false, browserName: msedge, browserVersion: 104.0.1293.63, javascriptEnabled: true, ms:edgeOptions: {debuggerAddress: localhost:57641}, msedge: {msedgedriverVersion: 104.0.1293.63 (7dd22b4a7f12..., userDataDir: C:\Users\RAMKUM~1\AppData\L...}, networkConnectionEnabled: false, pageLoadStrategy: normal, platform: WINDOWS, platformName: WINDOWS, proxy: Proxy(), se:cdp: ws://localhost:57641/devtoo..., se:cdpVersion: 104.0.1293.63, setWindowRect: true, strictFileInteractability: false, timeouts: {implicit: 0, pageLoad: 300000, script: 30000}, unhandledPromptBehavior: dismiss and notify, webauthn:extension:credBlob: true, webauthn:extension:largeBlob: true, webauthn:virtualAuthenticators: true}
Session ID: c3a067d34ac49b777101270bbfd1f682
at java.base/jdk.internal.reflect.NativeConstructorAccessorImpl.newInstance0(Native Method)
at java.base/jdk.internal.reflect.NativeConstructorAccessorImpl.newInstance(NativeConstructorAccessorImpl.java:78)
at java.base/jdk.internal.reflect.DelegatingConstructorAccessorImpl.newInstance(DelegatingConstructorAccessorImpl.java:45)
at java.base/java.lang.reflect.Constructor.newInstanceWithCaller(Constructor.java:499)
at java.base/java.lang.reflect.Constructor.newInstance(Constructor.java:480)
at org.openqa.selenium.remote.codec.w3c.W3CHttpResponseCodec.createException(W3CHttpResponseCodec.java:200)
at org.openqa.selenium.remote.codec.w3c.W3CHttpResponseCodec.decode(W3CHttpResponseCodec.java:133)
at org.openqa.selenium.remote.codec.w3c.W3CHttpResponseCodec.decode(W3CHttpResponseCodec.java:53)
at org.openqa.selenium.remote.HttpCommandExecutor.execute(HttpCommandExecutor.java:184)
at org.openqa.selenium.remote.service.DriverCommandExecutor.invokeExecute(DriverCommandExecutor.java:167)
at org.openqa.selenium.remote.service.DriverCommandExecutor.execute(DriverCommandExecutor.java:142)
at org.openqa.selenium.remote.RemoteWebDriver.execute(RemoteWebDriver.java:543)
at org.openqa.selenium.remote.RemoteWebDriver.execute(RemoteWebDriver.java:598)
at org.openqa.selenium.remote.RemoteWebDriver.execute(RemoteWebDriver.java:602)
at org.openqa.selenium.remote.RemoteWebDriver.getTitle(RemoteWebDriver.java:317)
at com.framework.selenium.api.base.SeleniumBase.verifyTitle(SeleniumBase.java:893)
at com.medmantra.pages.RegistrationPage.verifyPRNRegistration(RegistrationPage.java:521)
at com.medmantra.testcases.Registration.TC_003_REG_PRNRegistration.prnRegistration(TC_003_REG_PRNRegistration.java:60)
at java.base/jdk.internal.reflect.NativeMethodAccessorImpl.invoke0(Native Method)
at java.base/jdk.internal.reflect.NativeMethodAccessorImpl.invoke(NativeMethodAccessorImpl.java:78)
at java.base/jdk.internal.reflect.DelegatingMethodAccessorImpl.invoke(DelegatingMethodAccessorImpl.java:43)
at java.base/java.lang.reflect.Method.invoke(Method.java:567)
at org.testng.internal.MethodInvocationHelper.invokeMethod(MethodInvocationHelper.java:133)
at org.testng.internal.TestInvoker.invokeMethod(TestInvoker.java:598)
at org.testng.internal.TestInvoker.retryFailed(TestInvoker.java:213)
at org.testng.internal.MethodRunner.runInSequence(MethodRunner.java:58)
at org.testng.internal.TestInvoker$MethodInvocationAgent.invoke(TestInvoker.java:824)
at org.testng.internal.TestInvoker.invokeTestMethods(TestInvoker.java:146)
at org.testng.internal.TestMethodWorker.invokeTestMethods(TestMethodWorker.java:146)
at org.testng.internal.TestMethodWorker.run(TestMethodWorker.java:128)
at java.base/java.util.ArrayList.forEach(ArrayList.java:1511)
at org.testng.TestRunner.privateRun(TestRunner.java:794)
at org.testng.TestRunner.run(TestRunner.java:596)
at org.testng.SuiteRunner.runTest(SuiteRunner.java:377)
at org.testng.SuiteRunner.runSequentially(SuiteRunner.java:371)
at org.testng.SuiteRunner.privateRun(SuiteRunner.java:332)
at org.testng.SuiteRunner.run(SuiteRunner.java:276)
at org.testng.SuiteRunnerWorker.runSuite(SuiteRunnerWorker.java:53)
at org.testng.SuiteRunnerWorker.run(SuiteRunnerWorker.java:96)
at org.testng.TestNG.runSuitesSequentially(TestNG.java:1212)
at org.testng.TestNG.runSuitesLocally(TestNG.java:1134)
at org.testng.TestNG.runSuites(TestNG.java:1063)
at org.testng.TestNG.run(TestNG.java:1031)
at org.testng.remote.AbstractRemoteTestNG.run(AbstractRemoteTestNG.java:115)
at org.testng.remote.RemoteTestNG.initAndRun(RemoteTestNG.java:251)
at org.testng.remote.RemoteTestNG.main(RemoteTestNG.java:77)
]]>
    </error>
  </testcase> <!-- prnRegistration -->
  <system-out/>
  <testcase classname="com.medmantra.testcases.Registration.TC_003_REG_PRNRegistration" name="prnRegistration" time="167.292">
    <skipped/>
  </testcase> <!-- prnRegistration -->
  <system-out/>
</testsuite> <!-- com.medmantra.testcases.Registration.TC_003_REG_PRNRegistration -->
