<?xml version="1.0" encoding="UTF-8"?>
<!-- Generated by org.testng.reporters.JUnitReportReporter -->
<testsuite hostname="DESKTOP-6CGC2KB" failures="0" tests="1" name="com.medmantra.testcases.ES_Appoinment.TC_032_ES_ViewAppointmentsConfirm" time="0.000" errors="0" timestamp="2022-08-05T18:58:18 IST" skipped="1">
  <testcase classname="com.medmantra.testcases.ES_Appoinment.TC_032_ES_ViewAppointmentsConfirm" name="ViewAppointmentsConfirm" time="0.000">
    <skipped/>
  </testcase> <!-- ViewAppointmentsConfirm -->
  <system-out/>
</testsuite> <!-- com.medmantra.testcases.ES_Appoinment.TC_032_ES_ViewAppointmentsConfirm -->
