<?xml version="1.0" encoding="UTF-8"?>
<!-- Generated by org.testng.reporters.JUnitReportReporter -->
<testsuite hostname="DESKTOP-BOAEE06" failures="0" tests="1" name="com.trulances.testcases.TC_14034_VerifyCTAReduceButtonInTrulance" time="24.139" errors="0" timestamp="2022-12-10T17:37:45 IST" skipped="0">
  <testcase classname="com.trulances.testcases.TC_14034_VerifyCTAReduceButtonInTrulance" name="runVerifyBelowContentHeading3Identity" time="24.139"/>
  <system-out/>
</testsuite> <!-- com.trulances.testcases.TC_14034_VerifyCTAReduceButtonInTrulance -->
