<?xml version="1.0" encoding="UTF-8"?>
<!-- Generated by org.testng.reporters.JUnitReportReporter -->
<<<<<<< HEAD
<testsuite hostname="EC-AUTOMA-001" failures="0" tests="1" name="com.medmantra.testcases.Admission.TC_047_Block_Reserve_BlockBed_Save" time="73.954" errors="0" timestamp="2022-09-19T23:20:11 PDT" skipped="0">
  <testcase classname="com.medmantra.testcases.Admission.TC_047_Block_Reserve_BlockBed_Save" name="runReserveBlockBedSave" time="73.954"/>
=======
<testsuite hostname="DESKTOP-6CGC2KB" failures="0" tests="1" name="com.medmantra.testcases.Admission.TC_047_Block_Reserve_BlockBed_Save" time="68.193" errors="0" timestamp="2022-08-24T00:31:42 IST" skipped="0">
  <testcase classname="com.medmantra.testcases.Admission.TC_047_Block_Reserve_BlockBed_Save" name="runReserveBlockBedSave" time="68.193"/>
>>>>>>> 9d84e3b6d0e3e07b1c620f9f03a38b8a429cb916
  <system-out/>
</testsuite> <!-- com.medmantra.testcases.Admission.TC_047_Block_Reserve_BlockBed_Save -->
