<?xml version="1.0" encoding="UTF-8"?>
<!-- Generated by org.testng.reporters.JUnitReportReporter -->
<testsuite hostname="EC-AUTOMA-001" failures="0" tests="1" name="com.medmantra.testcases.Admission.TC_095_CreditPatientList" time="93.206" errors="0" timestamp="2022-09-19T23:20:11 PDT" skipped="0">
  <testcase classname="com.medmantra.testcases.Admission.TC_095_CreditPatientList" name="runCreditPatientList" time="93.206"/>
  <system-out/>
</testsuite> <!-- com.medmantra.testcases.Admission.TC_095_CreditPatientList -->
