<?xml version="1.0" encoding="UTF-8"?>
<!-- Generated by org.testng.reporters.JUnitReportReporter -->
<testsuite hostname="EC-AUTOMA-001" failures="0" tests="1" name="com.medmantra.testcases.OPWards.TC_077_OpDisplayBoard" time="30.465" errors="0" timestamp="2022-09-18T23:51:56 PDT" skipped="0">
  <testcase classname="com.medmantra.testcases.OPWards.TC_077_OpDisplayBoard" name="runOpDisplayBoard" time="30.465"/>
  <system-out/>
</testsuite> <!-- com.medmantra.testcases.OPWards.TC_077_OpDisplayBoard -->
