<?xml version="1.0" encoding="UTF-8"?>
<!-- Generated by org.testng.reporters.JUnitReportReporter -->
<testsuite hostname="DESKTOP-6CGC2KB" failures="0" tests="2" name="com.medmantra.testcases.AHC.TC_119_AHCSummary_AHCSummary_InvestigationNotDone" time="65425.234" errors="1" timestamp="2022-10-06T14:55:12 IST" skipped="1">
  <testcase classname="com.medmantra.testcases.AHC.TC_119_AHCSummary_AHCSummary_InvestigationNotDone" name="runInvestigationNotDone" time="0.000">
    <skipped/>
  </testcase> <!-- runInvestigationNotDone -->
  <system-out/>
  <testcase classname="com.medmantra.testcases.AHC.TC_119_AHCSummary_AHCSummary_InvestigationNotDone" name="preCondition" time="65425.234">
    <error type="java.lang.StackOverflowError">
      <![CDATA[java.lang.StackOverflowError
at java.base/java.util.regex.Pattern$GroupHead.match(Pattern.java:4801)
at java.base/java.util.regex.Pattern$Branch.match(Pattern.java:4746)
at java.base/java.util.regex.Pattern$BranchConn.match(Pattern.java:4710)
at java.base/java.util.regex.Pattern$GroupTail.match(Pattern.java:4832)
at java.base/java.util.regex.Pattern$BmpCharPropertyGreedy.match(Pattern.java:4341)
at java.base/java.util.regex.Pattern$GroupHead.match(Pattern.java:4801)
at java.base/java.util.regex.Pattern$Branch.match(Pattern.java:4746)
at java.base/java.util.regex.Pattern$Branch.match(Pattern.java:4744)
at java.base/java.util.regex.Pattern$BmpCharProperty.match(Pattern.java:3967)
at java.base/java.util.regex.Pattern$Start.match(Pattern.java:3620)
at java.base/java.util.regex.Matcher.search(Matcher.java:1728)
at java.base/java.util.regex.Matcher.find(Matcher.java:772)
at java.base/java.util.Formatter.parse(Formatter.java:2718)
at java.base/java.util.Formatter.format(Formatter.java:2671)
at java.base/java.util.Formatter.format(Formatter.java:2625)
at java.base/java.lang.String.format(String.java:3290)
at org.openqa.selenium.SharedCapabilitiesMethods.lambda$abbreviate$6(SharedCapabilitiesMethods.java:107)
at java.base/java.util.stream.ReferencePipeline$3$1.accept(ReferencePipeline.java:197)
at java.base/java.util.stream.SortedOps$SizedRefSortingSink.end(SortedOps.java:357)
at java.base/java.util.stream.AbstractPipeline.copyInto(AbstractPipeline.java:485)
at java.base/java.util.stream.AbstractPipeline.wrapAndCopyInto(AbstractPipeline.java:474)
at java.base/java.util.stream.ReduceOps$ReduceOp.evaluateSequential(ReduceOps.java:913)
at java.base/java.util.stream.AbstractPipeline.evaluate(AbstractPipeline.java:234)
at java.base/java.util.stream.ReferencePipeline.collect(ReferencePipeline.java:682)
at org.openqa.selenium.SharedCapabilitiesMethods.abbreviate(SharedCapabilitiesMethods.java:108)
at org.openqa.selenium.SharedCapabilitiesMethods.lambda$abbreviate$6(SharedCapabilitiesMethods.java:107)
at java.base/java.util.stream.ReferencePipeline$3$1.accept(ReferencePipeline.java:197)
at java.base/java.util.stream.SortedOps$SizedRefSortingSink.end(SortedOps.java:357)
at java.base/java.util.stream.AbstractPipeline.copyInto(AbstractPipeline.java:485)
at java.base/java.util.stream.AbstractPipeline.wrapAndCopyInto(AbstractPipeline.java:474)
at java.base/java.util.stream.ReduceOps$ReduceOp.evaluateSequential(ReduceOps.java:913)
at java.base/java.util.stream.AbstractPipeline.evaluate(AbstractPipeline.java:234)
at java.base/java.util.stream.ReferencePipeline.collect(ReferencePipeline.java:682)
at org.openqa.selenium.SharedCapabilitiesMethods.abbreviate(SharedCapabilitiesMethods.java:108)
at org.openqa.selenium.SharedCapabilitiesMethods.toString(SharedCapabilitiesMethods.java:78)
at org.openqa.selenium.ImmutableCapabilities.toString(ImmutableCapabilities.java:195)
at org.openqa.selenium.remote.RemoteWebDriver.populateWebDriverException(RemoteWebDriver.java:593)
at org.openqa.selenium.remote.RemoteWebDriver.execute(RemoteWebDriver.java:570)
at org.openqa.selenium.remote.RemoteWebDriver.execute(RemoteWebDriver.java:598)
at org.openqa.selenium.remote.RemoteWebDriver.execute(RemoteWebDriver.java:602)
at org.openqa.selenium.remote.RemoteWebDriver.getScreenshotAs(RemoteWebDriver.java:333)
at com.framework.selenium.api.base.SeleniumBase.takeSnap(SeleniumBase.java:907)
at com.framework.utils.Reporter.reportStep(Reporter.java:89)
at com.framework.utils.Reporter.reportStep(Reporter.java:111)
at com.framework.selenium.api.base.SeleniumBase.takeSnap(SeleniumBase.java:909)
at com.framework.utils.Reporter.reportStep(Reporter.java:89)
at com.framework.utils.Reporter.reportStep(Reporter.java:111)
at com.framework.selenium.api.base.SeleniumBase.takeSnap(SeleniumBase.java:909)
at com.framework.utils.Reporter.reportStep(Reporter.java:89)
at com.framework.utils.Reporter.reportStep(Reporter.java:111)
at com.framework.selenium.api.base.SeleniumBase.takeSnap(SeleniumBase.java:909)
at com.framework.utils.Reporter.reportStep(Reporter.java:89)
at com.framework.utils.Reporter.reportStep(Reporter.java:111)
at com.framework.selenium.api.base.SeleniumBase.takeSnap(SeleniumBase.java:909)
at com.framework.utils.Reporter.reportStep(Reporter.java:89)
at com.framework.utils.Reporter.reportStep(Reporter.java:111)
at com.framework.selenium.api.base.SeleniumBase.takeSnap(SeleniumBase.java:909)
at com.framework.utils.Reporter.reportStep(Reporter.java:89)
at com.framework.utils.Reporter.reportStep(Reporter.java:111)
at com.framework.selenium.api.base.SeleniumBase.takeSnap(SeleniumBase.java:909)
at com.framework.utils.Reporter.reportStep(Reporter.java:89)
at com.framework.utils.Reporter.reportStep(Reporter.java:111)
at com.framework.selenium.api.base.SeleniumBase.takeSnap(SeleniumBase.java:909)
at com.framework.utils.Reporter.reportStep(Reporter.java:89)
at com.framework.utils.Reporter.reportStep(Reporter.java:111)
at com.framework.selenium.api.base.SeleniumBase.takeSnap(SeleniumBase.java:909)
at com.framework.utils.Reporter.reportStep(Reporter.java:89)
at com.framework.utils.Reporter.reportStep(Reporter.java:111)
at com.framework.selenium.api.base.SeleniumBase.takeSnap(SeleniumBase.java:909)
at com.framework.utils.Reporter.reportStep(Reporter.java:89)
at com.framework.utils.Reporter.reportStep(Reporter.java:111)
at com.framework.selenium.api.base.SeleniumBase.takeSnap(SeleniumBase.java:909)
at com.framework.utils.Reporter.reportStep(Reporter.java:89)
at com.framework.utils.Reporter.reportStep(Reporter.java:111)
at com.framework.selenium.api.base.SeleniumBase.takeSnap(SeleniumBase.java:909)
at com.framework.utils.Reporter.reportStep(Reporter.java:89)
at com.framework.utils.Reporter.reportStep(Reporter.java:111)
at com.framework.selenium.api.base.SeleniumBase.takeSnap(SeleniumBase.java:909)
at com.framework.utils.Reporter.reportStep(Reporter.java:89)
at com.framework.utils.Reporter.reportStep(Reporter.java:111)
at com.framework.selenium.api.base.SeleniumBase.takeSnap(SeleniumBase.java:909)
at com.framework.utils.Reporter.reportStep(Reporter.java:89)
at com.framework.utils.Reporter.reportStep(Reporter.java:111)
at com.framework.selenium.api.base.SeleniumBase.takeSnap(SeleniumBase.java:909)
at com.framework.utils.Reporter.reportStep(Reporter.java:89)
at com.framework.utils.Reporter.reportStep(Reporter.java:111)
at com.framework.selenium.api.base.SeleniumBase.takeSnap(SeleniumBase.java:909)
at com.framework.utils.Reporter.reportStep(Reporter.java:89)
at com.framework.utils.Reporter.reportStep(Reporter.java:111)
at com.framework.selenium.api.base.SeleniumBase.takeSnap(SeleniumBase.java:909)
at com.framework.utils.Reporter.reportStep(Reporter.java:89)
at com.framework.utils.Reporter.reportStep(Reporter.java:111)
at com.framework.selenium.api.base.SeleniumBase.takeSnap(SeleniumBase.java:909)
at com.framework.utils.Reporter.reportStep(Reporter.java:89)
at com.framework.utils.Reporter.reportStep(Reporter.java:111)
at com.framework.selenium.api.base.SeleniumBase.takeSnap(SeleniumBase.java:909)
at com.framework.utils.Reporter.reportStep(Reporter.java:89)
at com.framework.utils.Reporter.reportStep(Reporter.java:111)
at com.framework.selenium.api.base.SeleniumBase.takeSnap(SeleniumBase.java:909)
at com.framework.utils.Reporter.reportStep(Reporter.java:89)
at com.framework.utils.Reporter.reportStep(Reporter.java:111)
at com.framework.selenium.api.base.SeleniumBase.takeSnap(SeleniumBase.java:909)
at com.framework.utils.Reporter.reportStep(Reporter.java:89)
at com.framework.utils.Reporter.reportStep(Reporter.java:111)
at com.framework.selenium.api.base.SeleniumBase.takeSnap(SeleniumBase.java:909)
at com.framework.utils.Reporter.reportStep(Reporter.java:89)
at com.framework.utils.Reporter.reportStep(Reporter.java:111)
at com.framework.selenium.api.base.SeleniumBase.takeSnap(SeleniumBase.java:909)
at com.framework.utils.Reporter.reportStep(Reporter.java:89)
at com.framework.utils.Reporter.reportStep(Reporter.java:111)
at com.framework.selenium.api.base.SeleniumBase.takeSnap(SeleniumBase.java:909)
at com.framework.utils.Reporter.reportStep(Reporter.java:89)
at com.framework.utils.Reporter.reportStep(Reporter.java:111)
at com.framework.selenium.api.base.SeleniumBase.takeSnap(SeleniumBase.java:909)
at com.framework.utils.Reporter.reportStep(Reporter.java:89)
at com.framework.utils.Reporter.reportStep(Reporter.java:111)
at com.framework.selenium.api.base.SeleniumBase.takeSnap(SeleniumBase.java:909)
at com.framework.utils.Reporter.reportStep(Reporter.java:89)
at com.framework.utils.Reporter.reportStep(Reporter.java:111)
at com.framework.selenium.api.base.SeleniumBase.takeSnap(SeleniumBase.java:909)
at com.framework.utils.Reporter.reportStep(Reporter.java:89)
at com.framework.utils.Reporter.reportStep(Reporter.java:111)
at com.framework.selenium.api.base.SeleniumBase.takeSnap(SeleniumBase.java:909)
at com.framework.utils.Reporter.reportStep(Reporter.java:89)
at com.framework.utils.Reporter.reportStep(Reporter.java:111)
at com.framework.selenium.api.base.SeleniumBase.takeSnap(SeleniumBase.java:909)
at com.framework.utils.Reporter.reportStep(Reporter.java:89)
at com.framework.utils.Reporter.reportStep(Reporter.java:111)
at com.framework.selenium.api.base.SeleniumBase.takeSnap(SeleniumBase.java:909)
at com.framework.utils.Reporter.reportStep(Reporter.java:89)
at com.framework.utils.Reporter.reportStep(Reporter.java:111)
at com.framework.selenium.api.base.SeleniumBase.takeSnap(SeleniumBase.java:909)
at com.framework.utils.Reporter.reportStep(Reporter.java:89)
at com.framework.utils.Reporter.reportStep(Reporter.java:111)
at com.framework.selenium.api.base.SeleniumBase.takeSnap(SeleniumBase.java:909)
at com.framework.utils.Reporter.reportStep(Reporter.java:89)
at com.framework.utils.Reporter.reportStep(Reporter.java:111)
at com.framework.selenium.api.base.SeleniumBase.takeSnap(SeleniumBase.java:909)
at com.framework.utils.Reporter.reportStep(Reporter.java:89)
at com.framework.utils.Reporter.reportStep(Reporter.java:111)
at com.framework.selenium.api.base.SeleniumBase.takeSnap(SeleniumBase.java:909)
at com.framework.utils.Reporter.reportStep(Reporter.java:89)
at com.framework.utils.Reporter.reportStep(Reporter.java:111)
at com.framework.selenium.api.base.SeleniumBase.takeSnap(SeleniumBase.java:909)
at com.framework.utils.Reporter.reportStep(Reporter.java:89)
at com.framework.utils.Reporter.reportStep(Reporter.java:111)
at com.framework.selenium.api.base.SeleniumBase.takeSnap(SeleniumBase.java:909)
at com.framework.utils.Reporter.reportStep(Reporter.java:89)
at com.framework.utils.Reporter.reportStep(Reporter.java:111)
at com.framework.selenium.api.base.SeleniumBase.takeSnap(SeleniumBase.java:909)
at com.framework.utils.Reporter.reportStep(Reporter.java:89)
at com.framework.utils.Reporter.reportStep(Reporter.java:111)
at com.framework.selenium.api.base.SeleniumBase.takeSnap(SeleniumBase.java:909)
at com.framework.utils.Reporter.reportStep(Reporter.java:89)
at com.framework.utils.Reporter.reportStep(Reporter.java:111)
at com.framework.selenium.api.base.SeleniumBase.takeSnap(SeleniumBase.java:909)
at com.framework.utils.Reporter.reportStep(Reporter.java:89)
at com.framework.utils.Reporter.reportStep(Reporter.java:111)
at com.framework.selenium.api.base.SeleniumBase.takeSnap(SeleniumBase.java:909)
at com.framework.utils.Reporter.reportStep(Reporter.java:89)
at com.framework.utils.Reporter.reportStep(Reporter.java:111)
at com.framework.selenium.api.base.SeleniumBase.takeSnap(SeleniumBase.java:909)
at com.framework.utils.Reporter.reportStep(Reporter.java:89)
at com.framework.utils.Reporter.reportStep(Reporter.java:111)
at com.framework.selenium.api.base.SeleniumBase.takeSnap(SeleniumBase.java:909)
at com.framework.utils.Reporter.reportStep(Reporter.java:89)
at com.framework.utils.Reporter.reportStep(Reporter.java:111)
at com.framework.selenium.api.base.SeleniumBase.takeSnap(SeleniumBase.java:909)
at com.framework.utils.Reporter.reportStep(Reporter.java:89)
at com.framework.utils.Reporter.reportStep(Reporter.java:111)
at com.framework.selenium.api.base.SeleniumBase.takeSnap(SeleniumBase.java:909)
at com.framework.utils.Reporter.reportStep(Reporter.java:89)
at com.framework.utils.Reporter.reportStep(Reporter.java:111)
at com.framework.selenium.api.base.SeleniumBase.takeSnap(SeleniumBase.java:909)
at com.framework.utils.Reporter.reportStep(Reporter.java:89)
at com.framework.utils.Reporter.reportStep(Reporter.java:111)
at com.framework.selenium.api.base.SeleniumBase.takeSnap(SeleniumBase.java:909)
at com.framework.utils.Reporter.reportStep(Reporter.java:89)
at com.framework.utils.Reporter.reportStep(Reporter.java:111)
at com.framework.selenium.api.base.SeleniumBase.takeSnap(SeleniumBase.java:909)
at com.framework.utils.Reporter.reportStep(Reporter.java:89)
at com.framework.utils.Reporter.reportStep(Reporter.java:111)
at com.framework.selenium.api.base.SeleniumBase.takeSnap(SeleniumBase.java:909)
at com.framework.utils.Reporter.reportStep(Reporter.java:89)
at com.framework.utils.Reporter.reportStep(Reporter.java:111)
at com.framework.selenium.api.base.SeleniumBase.takeSnap(SeleniumBase.java:909)
at com.framework.utils.Reporter.reportStep(Reporter.java:89)
at com.framework.utils.Reporter.reportStep(Reporter.java:111)
at com.framework.selenium.api.base.SeleniumBase.takeSnap(SeleniumBase.java:909)
at com.framework.utils.Reporter.reportStep(Reporter.java:89)
at com.framework.utils.Reporter.reportStep(Reporter.java:111)
at com.framework.selenium.api.base.SeleniumBase.takeSnap(SeleniumBase.java:909)
at com.framework.utils.Reporter.reportStep(Reporter.java:89)
at com.framework.utils.Reporter.reportStep(Reporter.java:111)
at com.framework.selenium.api.base.SeleniumBase.takeSnap(SeleniumBase.java:909)
at com.framework.utils.Reporter.reportStep(Reporter.java:89)
at com.framework.utils.Reporter.reportStep(Reporter.java:111)
at com.framework.selenium.api.base.SeleniumBase.takeSnap(SeleniumBase.java:909)
at com.framework.utils.Reporter.reportStep(Reporter.java:89)
at com.framework.utils.Reporter.reportStep(Reporter.java:111)
at com.framework.selenium.api.base.SeleniumBase.takeSnap(SeleniumBase.java:909)
at com.framework.utils.Reporter.reportStep(Reporter.java:89)
at com.framework.utils.Reporter.reportStep(Reporter.java:111)
at com.framework.selenium.api.base.SeleniumBase.takeSnap(SeleniumBase.java:909)
at com.framework.utils.Reporter.reportStep(Reporter.java:89)
at com.framework.utils.Reporter.reportStep(Reporter.java:111)
at com.framework.selenium.api.base.SeleniumBase.takeSnap(SeleniumBase.java:909)
at com.framework.utils.Reporter.reportStep(Reporter.java:89)
at com.framework.utils.Reporter.reportStep(Reporter.java:111)
at com.framework.selenium.api.base.SeleniumBase.takeSnap(SeleniumBase.java:909)
at com.framework.utils.Reporter.reportStep(Reporter.java:89)
at com.framework.utils.Reporter.reportStep(Reporter.java:111)
at com.framework.selenium.api.base.SeleniumBase.takeSnap(SeleniumBase.java:909)
at com.framework.utils.Reporter.reportStep(Reporter.java:89)
at com.framework.utils.Reporter.reportStep(Reporter.java:111)
at com.framework.selenium.api.base.SeleniumBase.takeSnap(SeleniumBase.java:909)
at com.framework.utils.Reporter.reportStep(Reporter.java:89)
at com.framework.utils.Reporter.reportStep(Reporter.java:111)
at com.framework.selenium.api.base.SeleniumBase.takeSnap(SeleniumBase.java:909)
at com.framework.utils.Reporter.reportStep(Reporter.java:89)
at com.framework.utils.Reporter.reportStep(Reporter.java:111)
at com.framework.selenium.api.base.SeleniumBase.takeSnap(SeleniumBase.java:909)
at com.framework.utils.Reporter.reportStep(Reporter.java:89)
at com.framework.utils.Reporter.reportStep(Reporter.java:111)
at com.framework.selenium.api.base.SeleniumBase.takeSnap(SeleniumBase.java:909)
at com.framework.utils.Reporter.reportStep(Reporter.java:89)
at com.framework.utils.Reporter.reportStep(Reporter.java:111)
at com.framework.selenium.api.base.SeleniumBase.takeSnap(SeleniumBase.java:909)
at com.framework.utils.Reporter.reportStep(Reporter.java:89)
at com.framework.utils.Reporter.reportStep(Reporter.java:111)
at com.framework.selenium.api.base.SeleniumBase.takeSnap(SeleniumBase.java:909)
at com.framework.utils.Reporter.reportStep(Reporter.java:89)
at com.framework.utils.Reporter.reportStep(Reporter.java:111)
at com.framework.selenium.api.base.SeleniumBase.takeSnap(SeleniumBase.java:909)
at com.framework.utils.Reporter.reportStep(Reporter.java:89)
at com.framework.utils.Reporter.reportStep(Reporter.java:111)
at com.framework.selenium.api.base.SeleniumBase.takeSnap(SeleniumBase.java:909)
at com.framework.utils.Reporter.reportStep(Reporter.java:89)
at com.framework.utils.Reporter.reportStep(Reporter.java:111)
at com.framework.selenium.api.base.SeleniumBase.takeSnap(SeleniumBase.java:909)
at com.framework.utils.Reporter.reportStep(Reporter.java:89)
at com.framework.utils.Reporter.reportStep(Reporter.java:111)
at com.framework.selenium.api.base.SeleniumBase.takeSnap(SeleniumBase.java:909)
at com.framework.utils.Reporter.reportStep(Reporter.java:89)
at com.framework.utils.Reporter.reportStep(Reporter.java:111)
at com.framework.selenium.api.base.SeleniumBase.takeSnap(SeleniumBase.java:909)
at com.framework.utils.Reporter.reportStep(Reporter.java:89)
at com.framework.utils.Reporter.reportStep(Reporter.java:111)
at com.framework.selenium.api.base.SeleniumBase.takeSnap(SeleniumBase.java:909)
at com.framework.utils.Reporter.reportStep(Reporter.java:89)
at com.framework.utils.Reporter.reportStep(Reporter.java:111)
at com.framework.selenium.api.base.SeleniumBase.takeSnap(SeleniumBase.java:909)
at com.framework.utils.Reporter.reportStep(Reporter.java:89)
at com.framework.utils.Reporter.reportStep(Reporter.java:111)
at com.framework.selenium.api.base.SeleniumBase.takeSnap(SeleniumBase.java:909)
at com.framework.utils.Reporter.reportStep(Reporter.java:89)
at com.framework.utils.Reporter.reportStep(Reporter.java:111)
at com.framework.selenium.api.base.SeleniumBase.takeSnap(SeleniumBase.java:909)
at com.framework.utils.Reporter.reportStep(Reporter.java:89)
at com.framework.utils.Reporter.reportStep(Reporter.java:111)
at com.framework.selenium.api.base.SeleniumBase.takeSnap(SeleniumBase.java:909)
at com.framework.utils.Reporter.reportStep(Reporter.java:89)
at com.framework.utils.Reporter.reportStep(Reporter.java:111)
at com.framework.selenium.api.base.SeleniumBase.takeSnap(SeleniumBase.java:909)
at com.framework.utils.Reporter.reportStep(Reporter.java:89)
at com.framework.utils.Reporter.reportStep(Reporter.java:111)
at com.framework.selenium.api.base.SeleniumBase.takeSnap(SeleniumBase.java:909)
at com.framework.utils.Reporter.reportStep(Reporter.java:89)
at com.framework.utils.Reporter.reportStep(Reporter.java:111)
at com.framework.selenium.api.base.SeleniumBase.takeSnap(SeleniumBase.java:909)
at com.framework.utils.Reporter.reportStep(Reporter.java:89)
at com.framework.utils.Reporter.reportStep(Reporter.java:111)
at com.framework.selenium.api.base.SeleniumBase.takeSnap(SeleniumBase.java:909)
at com.framework.utils.Reporter.reportStep(Reporter.java:89)
at com.framework.utils.Reporter.reportStep(Reporter.java:111)
at com.framework.selenium.api.base.SeleniumBase.takeSnap(SeleniumBase.java:909)
at com.framework.utils.Reporter.reportStep(Reporter.java:89)
at com.framework.utils.Reporter.reportStep(Reporter.java:111)
at com.framework.selenium.api.base.SeleniumBase.takeSnap(SeleniumBase.java:909)
at com.framework.utils.Reporter.reportStep(Reporter.java:89)
at com.framework.utils.Reporter.reportStep(Reporter.java:111)
at com.framework.selenium.api.base.SeleniumBase.takeSnap(SeleniumBase.java:909)
at com.framework.utils.Reporter.reportStep(Reporter.java:89)
at com.framework.utils.Reporter.reportStep(Reporter.java:111)
at com.framework.selenium.api.base.SeleniumBase.takeSnap(SeleniumBase.java:909)
at com.framework.utils.Reporter.reportStep(Reporter.java:89)
at com.framework.utils.Reporter.reportStep(Reporter.java:111)
at com.framework.selenium.api.base.SeleniumBase.takeSnap(SeleniumBase.java:909)
at com.framework.utils.Reporter.reportStep(Reporter.java:89)
at com.framework.utils.Reporter.reportStep(Reporter.java:111)
at com.framework.selenium.api.base.SeleniumBase.takeSnap(SeleniumBase.java:909)
at com.framework.utils.Reporter.reportStep(Reporter.java:89)
at com.framework.utils.Reporter.reportStep(Reporter.java:111)
at com.framework.selenium.api.base.SeleniumBase.takeSnap(SeleniumBase.java:909)
at com.framework.utils.Reporter.reportStep(Reporter.java:89)
at com.framework.utils.Reporter.reportStep(Reporter.java:111)
at com.framework.selenium.api.base.SeleniumBase.takeSnap(SeleniumBase.java:909)
at com.framework.utils.Reporter.reportStep(Reporter.java:89)
at com.framework.utils.Reporter.reportStep(Reporter.java:111)
at com.framework.selenium.api.base.SeleniumBase.takeSnap(SeleniumBase.java:909)
at com.framework.utils.Reporter.reportStep(Reporter.java:89)
at com.framework.utils.Reporter.reportStep(Reporter.java:111)
at com.framework.selenium.api.base.SeleniumBase.takeSnap(SeleniumBase.java:909)
at com.framework.utils.Reporter.reportStep(Reporter.java:89)
at com.framework.utils.Reporter.reportStep(Reporter.java:111)
at com.framework.selenium.api.base.SeleniumBase.takeSnap(SeleniumBase.java:909)
at com.framework.utils.Reporter.reportStep(Reporter.java:89)
at com.framework.utils.Reporter.reportStep(Reporter.java:111)
at com.framework.selenium.api.base.SeleniumBase.takeSnap(SeleniumBase.java:909)
at com.framework.utils.Reporter.reportStep(Reporter.java:89)
at com.framework.utils.Reporter.reportStep(Reporter.java:111)
at com.framework.selenium.api.base.SeleniumBase.takeSnap(SeleniumBase.java:909)
at com.framework.utils.Reporter.reportStep(Reporter.java:89)
at com.framework.utils.Reporter.reportStep(Reporter.java:111)
at com.framework.selenium.api.base.SeleniumBase.takeSnap(SeleniumBase.java:909)
at com.framework.utils.Reporter.reportStep(Reporter.java:89)
at com.framework.utils.Reporter.reportStep(Reporter.java:111)
at com.framework.selenium.api.base.SeleniumBase.takeSnap(SeleniumBase.java:909)
at com.framework.utils.Reporter.reportStep(Reporter.java:89)
at com.framework.utils.Reporter.reportStep(Reporter.java:111)
at com.framework.selenium.api.base.SeleniumBase.takeSnap(SeleniumBase.java:909)
at com.framework.utils.Reporter.reportStep(Reporter.java:89)
at com.framework.utils.Reporter.reportStep(Reporter.java:111)
at com.framework.selenium.api.base.SeleniumBase.takeSnap(SeleniumBase.java:909)
at com.framework.utils.Reporter.reportStep(Reporter.java:89)
at com.framework.utils.Reporter.reportStep(Reporter.java:111)
at com.framework.selenium.api.base.SeleniumBase.takeSnap(SeleniumBase.java:909)
at com.framework.utils.Reporter.reportStep(Reporter.java:89)
at com.framework.utils.Reporter.reportStep(Reporter.java:111)
at com.framework.selenium.api.base.SeleniumBase.takeSnap(SeleniumBase.java:909)
at com.framework.utils.Reporter.reportStep(Reporter.java:89)
at com.framework.utils.Reporter.reportStep(Reporter.java:111)
at com.framework.selenium.api.base.SeleniumBase.takeSnap(SeleniumBase.java:909)
at com.framework.utils.Reporter.reportStep(Reporter.java:89)
at com.framework.utils.Reporter.reportStep(Reporter.java:111)
at com.framework.selenium.api.base.SeleniumBase.takeSnap(SeleniumBase.java:909)
at com.framework.utils.Reporter.reportStep(Reporter.java:89)
at com.framework.utils.Reporter.reportStep(Reporter.java:111)
at com.framework.selenium.api.base.SeleniumBase.takeSnap(SeleniumBase.java:909)
at com.framework.utils.Reporter.reportStep(Reporter.java:89)
at com.framework.utils.Reporter.reportStep(Reporter.java:111)
at com.framework.selenium.api.base.SeleniumBase.takeSnap(SeleniumBase.java:909)
at com.framework.utils.Reporter.reportStep(Reporter.java:89)
at com.framework.utils.Reporter.reportStep(Reporter.java:111)
at com.framework.selenium.api.base.SeleniumBase.takeSnap(SeleniumBase.java:909)
at com.framework.utils.Reporter.reportStep(Reporter.java:89)
at com.framework.utils.Reporter.reportStep(Reporter.java:111)
at com.framework.selenium.api.base.SeleniumBase.takeSnap(SeleniumBase.java:909)
at com.framework.utils.Reporter.reportStep(Reporter.java:89)
at com.framework.utils.Reporter.reportStep(Reporter.java:111)
at com.framework.selenium.api.base.SeleniumBase.takeSnap(SeleniumBase.java:909)
at com.framework.utils.Reporter.reportStep(Reporter.java:89)
at com.framework.utils.Reporter.reportStep(Reporter.java:111)
at com.framework.selenium.api.base.SeleniumBase.takeSnap(SeleniumBase.java:909)
at com.framework.utils.Reporter.reportStep(Reporter.java:89)
at com.framework.utils.Reporter.reportStep(Reporter.java:111)
at com.framework.selenium.api.base.SeleniumBase.takeSnap(SeleniumBase.java:909)
at com.framework.utils.Reporter.reportStep(Reporter.java:89)
at com.framework.utils.Reporter.reportStep(Reporter.java:111)
at com.framework.selenium.api.base.SeleniumBase.takeSnap(SeleniumBase.java:909)
at com.framework.utils.Reporter.reportStep(Reporter.java:89)
at com.framework.utils.Reporter.reportStep(Reporter.java:111)
at com.framework.selenium.api.base.SeleniumBase.takeSnap(SeleniumBase.java:909)
at com.framework.utils.Reporter.reportStep(Reporter.java:89)
at com.framework.utils.Reporter.reportStep(Reporter.java:111)
at com.framework.selenium.api.base.SeleniumBase.takeSnap(SeleniumBase.java:909)
at com.framework.utils.Reporter.reportStep(Reporter.java:89)
at com.framework.utils.Reporter.reportStep(Reporter.java:111)
at com.framework.selenium.api.base.SeleniumBase.takeSnap(SeleniumBase.java:909)
at com.framework.utils.Reporter.reportStep(Reporter.java:89)
at com.framework.utils.Reporter.reportStep(Reporter.java:111)
at com.framework.selenium.api.base.SeleniumBase.takeSnap(SeleniumBase.java:909)
at com.framework.utils.Reporter.reportStep(Reporter.java:89)
at com.framework.utils.Reporter.reportStep(Reporter.java:111)
at com.framework.selenium.api.base.SeleniumBase.takeSnap(SeleniumBase.java:909)
at com.framework.utils.Reporter.reportStep(Reporter.java:89)
at com.framework.utils.Reporter.reportStep(Reporter.java:111)
at com.framework.selenium.api.base.SeleniumBase.takeSnap(SeleniumBase.java:909)
at com.framework.utils.Reporter.reportStep(Reporter.java:89)
at com.framework.utils.Reporter.reportStep(Reporter.java:111)
at com.framework.selenium.api.base.SeleniumBase.takeSnap(SeleniumBase.java:909)
at com.framework.utils.Reporter.reportStep(Reporter.java:89)
at com.framework.utils.Reporter.reportStep(Reporter.java:111)
at com.framework.selenium.api.base.SeleniumBase.takeSnap(SeleniumBase.java:909)
at com.framework.utils.Reporter.reportStep(Reporter.java:89)
at com.framework.utils.Reporter.reportStep(Reporter.java:111)
at com.framework.selenium.api.base.SeleniumBase.takeSnap(SeleniumBase.java:909)
at com.framework.utils.Reporter.reportStep(Reporter.java:89)
at com.framework.utils.Reporter.reportStep(Reporter.java:111)
at com.framework.selenium.api.base.SeleniumBase.takeSnap(SeleniumBase.java:909)
at com.framework.utils.Reporter.reportStep(Reporter.java:89)
at com.framework.utils.Reporter.reportStep(Reporter.java:111)
at com.framework.selenium.api.base.SeleniumBase.takeSnap(SeleniumBase.java:909)
at com.framework.utils.Reporter.reportStep(Reporter.java:89)
at com.framework.utils.Reporter.reportStep(Reporter.java:111)
at com.framework.selenium.api.base.SeleniumBase.takeSnap(SeleniumBase.java:909)
at com.framework.utils.Reporter.reportStep(Reporter.java:89)
at com.framework.utils.Reporter.reportStep(Reporter.java:111)
at com.framework.selenium.api.base.SeleniumBase.takeSnap(SeleniumBase.java:909)
at com.framework.utils.Reporter.reportStep(Reporter.java:89)
at com.framework.utils.Reporter.reportStep(Reporter.java:111)
at com.framework.selenium.api.base.SeleniumBase.takeSnap(SeleniumBase.java:909)
at com.framework.utils.Reporter.reportStep(Reporter.java:89)
at com.framework.utils.Reporter.reportStep(Reporter.java:111)
at com.framework.selenium.api.base.SeleniumBase.takeSnap(SeleniumBase.java:909)
at com.framework.utils.Reporter.reportStep(Reporter.java:89)
at com.framework.utils.Reporter.reportStep(Reporter.java:111)
at com.framework.selenium.api.base.SeleniumBase.takeSnap(SeleniumBase.java:909)
at com.framework.utils.Reporter.reportStep(Reporter.java:89)
at com.framework.utils.Reporter.reportStep(Reporter.java:111)
at com.framework.selenium.api.base.SeleniumBase.takeSnap(SeleniumBase.java:909)
at com.framework.utils.Reporter.reportStep(Reporter.java:89)
at com.framework.utils.Reporter.reportStep(Reporter.java:111)
at com.framework.selenium.api.base.SeleniumBase.takeSnap(SeleniumBase.java:909)
at com.framework.utils.Reporter.reportStep(Reporter.java:89)
at com.framework.utils.Reporter.reportStep(Reporter.java:111)
at com.framework.selenium.api.base.SeleniumBase.takeSnap(SeleniumBase.java:909)
at com.framework.utils.Reporter.reportStep(Reporter.java:89)
at com.framework.utils.Reporter.reportStep(Reporter.java:111)
at com.framework.selenium.api.base.SeleniumBase.takeSnap(SeleniumBase.java:909)
at com.framework.utils.Reporter.reportStep(Reporter.java:89)
at com.framework.utils.Reporter.reportStep(Reporter.java:111)
at com.framework.selenium.api.base.SeleniumBase.takeSnap(SeleniumBase.java:909)
at com.framework.utils.Reporter.reportStep(Reporter.java:89)
at com.framework.utils.Reporter.reportStep(Reporter.java:111)
at com.framework.selenium.api.base.SeleniumBase.takeSnap(SeleniumBase.java:909)
at com.framework.utils.Reporter.reportStep(Reporter.java:89)
at com.framework.utils.Reporter.reportStep(Reporter.java:111)
at com.framework.selenium.api.base.SeleniumBase.takeSnap(SeleniumBase.java:909)
at com.framework.utils.Reporter.reportStep(Reporter.java:89)
at com.framework.utils.Reporter.reportStep(Reporter.java:111)
at com.framework.selenium.api.base.SeleniumBase.takeSnap(SeleniumBase.java:909)
at com.framework.utils.Reporter.reportStep(Reporter.java:89)
at com.framework.utils.Reporter.reportStep(Reporter.java:111)
at com.framework.selenium.api.base.SeleniumBase.takeSnap(SeleniumBase.java:909)
at com.framework.utils.Reporter.reportStep(Reporter.java:89)
at com.framework.utils.Reporter.reportStep(Reporter.java:111)
at com.framework.selenium.api.base.SeleniumBase.takeSnap(SeleniumBase.java:909)
at com.framework.utils.Reporter.reportStep(Reporter.java:89)
at com.framework.utils.Reporter.reportStep(Reporter.java:111)
at com.framework.selenium.api.base.SeleniumBase.takeSnap(SeleniumBase.java:909)
at com.framework.utils.Reporter.reportStep(Reporter.java:89)
at com.framework.utils.Reporter.reportStep(Reporter.java:111)
at com.framework.selenium.api.base.SeleniumBase.takeSnap(SeleniumBase.java:909)
at com.framework.utils.Reporter.reportStep(Reporter.java:89)
at com.framework.utils.Reporter.reportStep(Reporter.java:111)
at com.framework.selenium.api.base.SeleniumBase.takeSnap(SeleniumBase.java:909)
at com.framework.utils.Reporter.reportStep(Reporter.java:89)
at com.framework.utils.Reporter.reportStep(Reporter.java:111)
at com.framework.selenium.api.base.SeleniumBase.takeSnap(SeleniumBase.java:909)
at com.framework.utils.Reporter.reportStep(Reporter.java:89)
at com.framework.utils.Reporter.reportStep(Reporter.java:111)
at com.framework.selenium.api.base.SeleniumBase.takeSnap(SeleniumBase.java:909)
at com.framework.utils.Reporter.reportStep(Reporter.java:89)
at com.framework.utils.Reporter.reportStep(Reporter.java:111)
at com.framework.selenium.api.base.SeleniumBase.takeSnap(SeleniumBase.java:909)
at com.framework.utils.Reporter.reportStep(Reporter.java:89)
at com.framework.utils.Reporter.reportStep(Reporter.java:111)
at com.framework.selenium.api.base.SeleniumBase.takeSnap(SeleniumBase.java:909)
at com.framework.utils.Reporter.reportStep(Reporter.java:89)
at com.framework.utils.Reporter.reportStep(Reporter.java:111)
at com.framework.selenium.api.base.SeleniumBase.takeSnap(SeleniumBase.java:909)
at com.framework.utils.Reporter.reportStep(Reporter.java:89)
at com.framework.utils.Reporter.reportStep(Reporter.java:111)
at com.framework.selenium.api.base.SeleniumBase.takeSnap(SeleniumBase.java:909)
at com.framework.utils.Reporter.reportStep(Reporter.java:89)
at com.framework.utils.Reporter.reportStep(Reporter.java:111)
at com.framework.selenium.api.base.SeleniumBase.takeSnap(SeleniumBase.java:909)
at com.framework.utils.Reporter.reportStep(Reporter.java:89)
at com.framework.utils.Reporter.reportStep(Reporter.java:111)
at com.framework.selenium.api.base.SeleniumBase.takeSnap(SeleniumBase.java:909)
at com.framework.utils.Reporter.reportStep(Reporter.java:89)
at com.framework.utils.Reporter.reportStep(Reporter.java:111)
at com.framework.selenium.api.base.SeleniumBase.takeSnap(SeleniumBase.java:909)
at com.framework.utils.Reporter.reportStep(Reporter.java:89)
at com.framework.utils.Reporter.reportStep(Reporter.java:111)
at com.framework.selenium.api.base.SeleniumBase.takeSnap(SeleniumBase.java:909)
at com.framework.utils.Reporter.reportStep(Reporter.java:89)
at com.framework.utils.Reporter.reportStep(Reporter.java:111)
at com.framework.selenium.api.base.SeleniumBase.takeSnap(SeleniumBase.java:909)
at com.framework.utils.Reporter.reportStep(Reporter.java:89)
at com.framework.utils.Reporter.reportStep(Reporter.java:111)
at com.framework.selenium.api.base.SeleniumBase.takeSnap(SeleniumBase.java:909)
at com.framework.utils.Reporter.reportStep(Reporter.java:89)
at com.framework.utils.Reporter.reportStep(Reporter.java:111)
at com.framework.selenium.api.base.SeleniumBase.takeSnap(SeleniumBase.java:909)
at com.framework.utils.Reporter.reportStep(Reporter.java:89)
at com.framework.utils.Reporter.reportStep(Reporter.java:111)
at com.framework.selenium.api.base.SeleniumBase.takeSnap(SeleniumBase.java:909)
at com.framework.utils.Reporter.reportStep(Reporter.java:89)
at com.framework.utils.Reporter.reportStep(Reporter.java:111)
at com.framework.selenium.api.base.SeleniumBase.takeSnap(SeleniumBase.java:909)
at com.framework.utils.Reporter.reportStep(Reporter.java:89)
at com.framework.utils.Reporter.reportStep(Reporter.java:111)
at com.framework.selenium.api.base.SeleniumBase.takeSnap(SeleniumBase.java:909)
at com.framework.utils.Reporter.reportStep(Reporter.java:89)
at com.framework.utils.Reporter.reportStep(Reporter.java:111)
at com.framework.selenium.api.base.SeleniumBase.takeSnap(SeleniumBase.java:909)
at com.framework.utils.Reporter.reportStep(Reporter.java:89)
at com.framework.utils.Reporter.reportStep(Reporter.java:111)
at com.framework.selenium.api.base.SeleniumBase.takeSnap(SeleniumBase.java:909)
at com.framework.utils.Reporter.reportStep(Reporter.java:89)
at com.framework.utils.Reporter.reportStep(Reporter.java:111)
at com.framework.selenium.api.base.SeleniumBase.takeSnap(SeleniumBase.java:909)
at com.framework.utils.Reporter.reportStep(Reporter.java:89)
at com.framework.utils.Reporter.reportStep(Reporter.java:111)
at com.framework.selenium.api.base.SeleniumBase.takeSnap(SeleniumBase.java:909)
at com.framework.utils.Reporter.reportStep(Reporter.java:89)
at com.framework.utils.Reporter.reportStep(Reporter.java:111)
at com.framework.selenium.api.base.SeleniumBase.takeSnap(SeleniumBase.java:909)
at com.framework.utils.Reporter.reportStep(Reporter.java:89)
at com.framework.utils.Reporter.reportStep(Reporter.java:111)
at com.framework.selenium.api.base.SeleniumBase.takeSnap(SeleniumBase.java:909)
at com.framework.utils.Reporter.reportStep(Reporter.java:89)
at com.framework.utils.Reporter.reportStep(Reporter.java:111)
at com.framework.selenium.api.base.SeleniumBase.takeSnap(SeleniumBase.java:909)
at com.framework.utils.Reporter.reportStep(Reporter.java:89)
at com.framework.utils.Reporter.reportStep(Reporter.java:111)
at com.framework.selenium.api.base.SeleniumBase.takeSnap(SeleniumBase.java:909)
at com.framework.utils.Reporter.reportStep(Reporter.java:89)
at com.framework.utils.Reporter.reportStep(Reporter.java:111)
at com.framework.selenium.api.base.SeleniumBase.takeSnap(SeleniumBase.java:909)
at com.framework.utils.Reporter.reportStep(Reporter.java:89)
at com.framework.utils.Reporter.reportStep(Reporter.java:111)
at com.framework.selenium.api.base.SeleniumBase.takeSnap(SeleniumBase.java:909)
at com.framework.utils.Reporter.reportStep(Reporter.java:89)
at com.framework.utils.Reporter.reportStep(Reporter.java:111)
at com.framework.selenium.api.base.SeleniumBase.takeSnap(SeleniumBase.java:909)
at com.framework.utils.Reporter.reportStep(Reporter.java:89)
at com.framework.utils.Reporter.reportStep(Reporter.java:111)
at com.framework.selenium.api.base.SeleniumBase.takeSnap(SeleniumBase.java:909)
at com.framework.utils.Reporter.reportStep(Reporter.java:89)
at com.framework.utils.Reporter.reportStep(Reporter.java:111)
at com.framework.selenium.api.base.SeleniumBase.takeSnap(SeleniumBase.java:909)
at com.framework.utils.Reporter.reportStep(Reporter.java:89)
at com.framework.utils.Reporter.reportStep(Reporter.java:111)
at com.framework.selenium.api.base.SeleniumBase.takeSnap(SeleniumBase.java:909)
at com.framework.utils.Reporter.reportStep(Reporter.java:89)
at com.framework.utils.Reporter.reportStep(Reporter.java:111)
at com.framework.selenium.api.base.SeleniumBase.takeSnap(SeleniumBase.java:909)
at com.framework.utils.Reporter.reportStep(Reporter.java:89)
at com.framework.utils.Reporter.reportStep(Reporter.java:111)
at com.framework.selenium.api.base.SeleniumBase.takeSnap(SeleniumBase.java:909)
at com.framework.utils.Reporter.reportStep(Reporter.java:89)
at com.framework.utils.Reporter.reportStep(Reporter.java:111)
at com.framework.selenium.api.base.SeleniumBase.takeSnap(SeleniumBase.java:909)
at com.framework.utils.Reporter.reportStep(Reporter.java:89)
at com.framework.utils.Reporter.reportStep(Reporter.java:111)
at com.framework.selenium.api.base.SeleniumBase.takeSnap(SeleniumBase.java:909)
at com.framework.utils.Reporter.reportStep(Reporter.java:89)
at com.framework.utils.Reporter.reportStep(Reporter.java:111)
at com.framework.selenium.api.base.SeleniumBase.takeSnap(SeleniumBase.java:909)
at com.framework.utils.Reporter.reportStep(Reporter.java:89)
at com.framework.utils.Reporter.reportStep(Reporter.java:111)
at com.framework.selenium.api.base.SeleniumBase.takeSnap(SeleniumBase.java:909)
at com.framework.utils.Reporter.reportStep(Reporter.java:89)
at com.framework.utils.Reporter.reportStep(Reporter.java:111)
at com.framework.selenium.api.base.SeleniumBase.takeSnap(SeleniumBase.java:909)
at com.framework.utils.Reporter.reportStep(Reporter.java:89)
at com.framework.utils.Reporter.reportStep(Reporter.java:111)
at com.framework.selenium.api.base.SeleniumBase.takeSnap(SeleniumBase.java:909)
at com.framework.utils.Reporter.reportStep(Reporter.java:89)
at com.framework.utils.Reporter.reportStep(Reporter.java:111)
at com.framework.selenium.api.base.SeleniumBase.takeSnap(SeleniumBase.java:909)
at com.framework.utils.Reporter.reportStep(Reporter.java:89)
at com.framework.utils.Reporter.reportStep(Reporter.java:111)
at com.framework.selenium.api.base.SeleniumBase.takeSnap(SeleniumBase.java:909)
at com.framework.utils.Reporter.reportStep(Reporter.java:89)
at com.framework.utils.Reporter.reportStep(Reporter.java:111)
at com.framework.selenium.api.base.SeleniumBase.takeSnap(SeleniumBase.java:909)
at com.framework.utils.Reporter.reportStep(Reporter.java:89)
at com.framework.utils.Reporter.reportStep(Reporter.java:111)
at com.framework.selenium.api.base.SeleniumBase.takeSnap(SeleniumBase.java:909)
at com.framework.utils.Reporter.reportStep(Reporter.java:89)
at com.framework.utils.Reporter.reportStep(Reporter.java:111)
at com.framework.selenium.api.base.SeleniumBase.takeSnap(SeleniumBase.java:909)
at com.framework.utils.Reporter.reportStep(Reporter.java:89)
at com.framework.utils.Reporter.reportStep(Reporter.java:111)
at com.framework.selenium.api.base.SeleniumBase.takeSnap(SeleniumBase.java:909)
at com.framework.utils.Reporter.reportStep(Reporter.java:89)
at com.framework.utils.Reporter.reportStep(Reporter.java:111)
at com.framework.selenium.api.base.SeleniumBase.takeSnap(SeleniumBase.java:909)
at com.framework.utils.Reporter.reportStep(Reporter.java:89)
at com.framework.utils.Reporter.reportStep(Reporter.java:111)
at com.framework.selenium.api.base.SeleniumBase.takeSnap(SeleniumBase.java:909)
at com.framework.utils.Reporter.reportStep(Reporter.java:89)
at com.framework.utils.Reporter.reportStep(Reporter.java:111)
at com.framework.selenium.api.base.SeleniumBase.takeSnap(SeleniumBase.java:909)
at com.framework.utils.Reporter.reportStep(Reporter.java:89)
at com.framework.utils.Reporter.reportStep(Reporter.java:111)
at com.framework.selenium.api.base.SeleniumBase.takeSnap(SeleniumBase.java:909)
at com.framework.utils.Reporter.reportStep(Reporter.java:89)
at com.framework.utils.Reporter.reportStep(Reporter.java:111)
at com.framework.selenium.api.base.SeleniumBase.takeSnap(SeleniumBase.java:909)
at com.framework.utils.Reporter.reportStep(Reporter.java:89)
at com.framework.utils.Reporter.reportStep(Reporter.java:111)
at com.framework.selenium.api.base.SeleniumBase.takeSnap(SeleniumBase.java:909)
at com.framework.utils.Reporter.reportStep(Reporter.java:89)
at com.framework.utils.Reporter.reportStep(Reporter.java:111)
at com.framework.selenium.api.base.SeleniumBase.takeSnap(SeleniumBase.java:909)
at com.framework.utils.Reporter.reportStep(Reporter.java:89)
at com.framework.utils.Reporter.reportStep(Reporter.java:111)
at com.framework.selenium.api.base.SeleniumBase.takeSnap(SeleniumBase.java:909)
at com.framework.utils.Reporter.reportStep(Reporter.java:89)
at com.framework.utils.Reporter.reportStep(Reporter.java:111)
at com.framework.selenium.api.base.SeleniumBase.takeSnap(SeleniumBase.java:909)
at com.framework.utils.Reporter.reportStep(Reporter.java:89)
at com.framework.utils.Reporter.reportStep(Reporter.java:111)
at com.framework.selenium.api.base.SeleniumBase.takeSnap(SeleniumBase.java:909)
at com.framework.utils.Reporter.reportStep(Reporter.java:89)
at com.framework.utils.Reporter.reportStep(Reporter.java:111)
at com.framework.selenium.api.base.SeleniumBase.takeSnap(SeleniumBase.java:909)
at com.framework.utils.Reporter.reportStep(Reporter.java:89)
at com.framework.utils.Reporter.reportStep(Reporter.java:111)
at com.framework.selenium.api.base.SeleniumBase.takeSnap(SeleniumBase.java:909)
at com.framework.utils.Reporter.reportStep(Reporter.java:89)
at com.framework.utils.Reporter.reportStep(Reporter.java:111)
at com.framework.selenium.api.base.SeleniumBase.takeSnap(SeleniumBase.java:909)
at com.framework.utils.Reporter.reportStep(Reporter.java:89)
at com.framework.utils.Reporter.reportStep(Reporter.java:111)
at com.framework.selenium.api.base.SeleniumBase.takeSnap(SeleniumBase.java:909)
at com.framework.utils.Reporter.reportStep(Reporter.java:89)
at com.framework.utils.Reporter.reportStep(Reporter.java:111)
at com.framework.selenium.api.base.SeleniumBase.takeSnap(SeleniumBase.java:909)
at com.framework.utils.Reporter.reportStep(Reporter.java:89)
at com.framework.utils.Reporter.reportStep(Reporter.java:111)
at com.framework.selenium.api.base.SeleniumBase.takeSnap(SeleniumBase.java:909)
at com.framework.utils.Reporter.reportStep(Reporter.java:89)
at com.framework.utils.Reporter.reportStep(Reporter.java:111)
at com.framework.selenium.api.base.SeleniumBase.takeSnap(SeleniumBase.java:909)
at com.framework.utils.Reporter.reportStep(Reporter.java:89)
at com.framework.utils.Reporter.reportStep(Reporter.java:111)
at com.framework.selenium.api.base.SeleniumBase.takeSnap(SeleniumBase.java:909)
at com.framework.utils.Reporter.reportStep(Reporter.java:89)
at com.framework.utils.Reporter.reportStep(Reporter.java:111)
at com.framework.selenium.api.base.SeleniumBase.takeSnap(SeleniumBase.java:909)
at com.framework.utils.Reporter.reportStep(Reporter.java:89)
at com.framework.utils.Reporter.reportStep(Reporter.java:111)
at com.framework.selenium.api.base.SeleniumBase.takeSnap(SeleniumBase.java:909)
at com.framework.utils.Reporter.reportStep(Reporter.java:89)
at com.framework.utils.Reporter.reportStep(Reporter.java:111)
at com.framework.selenium.api.base.SeleniumBase.takeSnap(SeleniumBase.java:909)
at com.framework.utils.Reporter.reportStep(Reporter.java:89)
at com.framework.utils.Reporter.reportStep(Reporter.java:111)
at com.framework.selenium.api.base.SeleniumBase.takeSnap(SeleniumBase.java:909)
at com.framework.utils.Reporter.reportStep(Reporter.java:89)
at com.framework.utils.Reporter.reportStep(Reporter.java:111)
at com.framework.selenium.api.base.SeleniumBase.takeSnap(SeleniumBase.java:909)
at com.framework.utils.Reporter.reportStep(Reporter.java:89)
at com.framework.utils.Reporter.reportStep(Reporter.java:111)
at com.framework.selenium.api.base.SeleniumBase.takeSnap(SeleniumBase.java:909)
at com.framework.utils.Reporter.reportStep(Reporter.java:89)
at com.framework.utils.Reporter.reportStep(Reporter.java:111)
at com.framework.selenium.api.base.SeleniumBase.takeSnap(SeleniumBase.java:909)
at com.framework.utils.Reporter.reportStep(Reporter.java:89)
at com.framework.utils.Reporter.reportStep(Reporter.java:111)
at com.framework.selenium.api.base.SeleniumBase.takeSnap(SeleniumBase.java:909)
at com.framework.utils.Reporter.reportStep(Reporter.java:89)
at com.framework.utils.Reporter.reportStep(Reporter.java:111)
at com.framework.selenium.api.base.SeleniumBase.takeSnap(SeleniumBase.java:909)
at com.framework.utils.Reporter.reportStep(Reporter.java:89)
at com.framework.utils.Reporter.reportStep(Reporter.java:111)
at com.framework.selenium.api.base.SeleniumBase.takeSnap(SeleniumBase.java:909)
at com.framework.utils.Reporter.reportStep(Reporter.java:89)
at com.framework.utils.Reporter.reportStep(Reporter.java:111)
at com.framework.selenium.api.base.SeleniumBase.takeSnap(SeleniumBase.java:909)
at com.framework.utils.Reporter.reportStep(Reporter.java:89)
at com.framework.utils.Reporter.reportStep(Reporter.java:111)
at com.framework.selenium.api.base.SeleniumBase.takeSnap(SeleniumBase.java:909)
at com.framework.utils.Reporter.reportStep(Reporter.java:89)
at com.framework.utils.Reporter.reportStep(Reporter.java:111)
at com.framework.selenium.api.base.SeleniumBase.takeSnap(SeleniumBase.java:909)
at com.framework.utils.Reporter.reportStep(Reporter.java:89)
at com.framework.utils.Reporter.reportStep(Reporter.java:111)
at com.framework.selenium.api.base.SeleniumBase.takeSnap(SeleniumBase.java:909)
at com.framework.utils.Reporter.reportStep(Reporter.java:89)
at com.framework.utils.Reporter.reportStep(Reporter.java:111)
at com.framework.selenium.api.base.SeleniumBase.takeSnap(SeleniumBase.java:909)
at com.framework.utils.Reporter.reportStep(Reporter.java:89)
at com.framework.utils.Reporter.reportStep(Reporter.java:111)
at com.framework.selenium.api.base.SeleniumBase.takeSnap(SeleniumBase.java:909)
at com.framework.utils.Reporter.reportStep(Reporter.java:89)
at com.framework.utils.Reporter.reportStep(Reporter.java:111)
at com.framework.selenium.api.base.SeleniumBase.takeSnap(SeleniumBase.java:909)
at com.framework.utils.Reporter.reportStep(Reporter.java:89)
at com.framework.utils.Reporter.reportStep(Reporter.java:111)
at com.framework.selenium.api.base.SeleniumBase.takeSnap(SeleniumBase.java:909)
at com.framework.utils.Reporter.reportStep(Reporter.java:89)
at com.framework.utils.Reporter.reportStep(Reporter.java:111)
at com.framework.selenium.api.base.SeleniumBase.takeSnap(SeleniumBase.java:909)
at com.framework.utils.Reporter.reportStep(Reporter.java:89)
at com.framework.utils.Reporter.reportStep(Reporter.java:111)
at com.framework.selenium.api.base.SeleniumBase.takeSnap(SeleniumBase.java:909)
at com.framework.utils.Reporter.reportStep(Reporter.java:89)
at com.framework.utils.Reporter.reportStep(Reporter.java:111)
at com.framework.selenium.api.base.SeleniumBase.takeSnap(SeleniumBase.java:909)
at com.framework.utils.Reporter.reportStep(Reporter.java:89)
at com.framework.utils.Reporter.reportStep(Reporter.java:111)
at com.framework.selenium.api.base.SeleniumBase.takeSnap(SeleniumBase.java:909)
at com.framework.utils.Reporter.reportStep(Reporter.java:89)
at com.framework.utils.Reporter.reportStep(Reporter.java:111)
at com.framework.selenium.api.base.SeleniumBase.takeSnap(SeleniumBase.java:909)
at com.framework.utils.Reporter.reportStep(Reporter.java:89)
at com.framework.utils.Reporter.reportStep(Reporter.java:111)
at com.framework.selenium.api.base.SeleniumBase.takeSnap(SeleniumBase.java:909)
at com.framework.utils.Reporter.reportStep(Reporter.java:89)
at com.framework.utils.Reporter.reportStep(Reporter.java:111)
at com.framework.selenium.api.base.SeleniumBase.takeSnap(SeleniumBase.java:909)
at com.framework.utils.Reporter.reportStep(Reporter.java:89)
at com.framework.utils.Reporter.reportStep(Reporter.java:111)
at com.framework.selenium.api.base.SeleniumBase.takeSnap(SeleniumBase.java:909)
at com.framework.utils.Reporter.reportStep(Reporter.java:89)
at com.framework.utils.Reporter.reportStep(Reporter.java:111)
at com.framework.selenium.api.base.SeleniumBase.takeSnap(SeleniumBase.java:909)
at com.framework.utils.Reporter.reportStep(Reporter.java:89)
at com.framework.utils.Reporter.reportStep(Reporter.java:111)
at com.framework.selenium.api.base.SeleniumBase.takeSnap(SeleniumBase.java:909)
at com.framework.utils.Reporter.reportStep(Reporter.java:89)
at com.framework.utils.Reporter.reportStep(Reporter.java:111)
at com.framework.selenium.api.base.SeleniumBase.takeSnap(SeleniumBase.java:909)
at com.framework.utils.Reporter.reportStep(Reporter.java:89)
at com.framework.utils.Reporter.reportStep(Reporter.java:111)
at com.framework.selenium.api.base.SeleniumBase.takeSnap(SeleniumBase.java:909)
at com.framework.utils.Reporter.reportStep(Reporter.java:89)
at com.framework.utils.Reporter.reportStep(Reporter.java:111)
at com.framework.selenium.api.base.SeleniumBase.takeSnap(SeleniumBase.java:909)
at com.framework.utils.Reporter.reportStep(Reporter.java:89)
at com.framework.utils.Reporter.reportStep(Reporter.java:111)
at com.framework.selenium.api.base.SeleniumBase.takeSnap(SeleniumBase.java:909)
at com.framework.utils.Reporter.reportStep(Reporter.java:89)
at com.framework.utils.Reporter.reportStep(Reporter.java:111)
at com.framework.selenium.api.base.SeleniumBase.takeSnap(SeleniumBase.java:909)
at com.framework.utils.Reporter.reportStep(Reporter.java:89)
at com.framework.utils.Reporter.reportStep(Reporter.java:111)
at com.framework.selenium.api.base.SeleniumBase.takeSnap(SeleniumBase.java:909)
at com.framework.utils.Reporter.reportStep(Reporter.java:89)
at com.framework.utils.Reporter.reportStep(Reporter.java:111)
at com.framework.selenium.api.base.SeleniumBase.takeSnap(SeleniumBase.java:909)
at com.framework.utils.Reporter.reportStep(Reporter.java:89)
at com.framework.utils.Reporter.reportStep(Reporter.java:111)
at com.framework.selenium.api.base.SeleniumBase.takeSnap(SeleniumBase.java:909)
at com.framework.utils.Reporter.reportStep(Reporter.java:89)
at com.framework.utils.Reporter.reportStep(Reporter.java:111)
at com.framework.selenium.api.base.SeleniumBase.takeSnap(SeleniumBase.java:909)
at com.framework.utils.Reporter.reportStep(Reporter.java:89)
at com.framework.utils.Reporter.reportStep(Reporter.java:111)
at com.framework.selenium.api.base.SeleniumBase.takeSnap(SeleniumBase.java:909)
at com.framework.utils.Reporter.reportStep(Reporter.java:89)
at com.framework.utils.Reporter.reportStep(Reporter.java:111)
at com.framework.selenium.api.base.SeleniumBase.takeSnap(SeleniumBase.java:909)
at com.framework.utils.Reporter.reportStep(Reporter.java:89)
at com.framework.utils.Reporter.reportStep(Reporter.java:111)
at com.framework.selenium.api.base.SeleniumBase.takeSnap(SeleniumBase.java:909)
at com.framework.utils.Reporter.reportStep(Reporter.java:89)
at com.framework.utils.Reporter.reportStep(Reporter.java:111)
at com.framework.selenium.api.base.SeleniumBase.takeSnap(SeleniumBase.java:909)
at com.framework.utils.Reporter.reportStep(Reporter.java:89)
at com.framework.utils.Reporter.reportStep(Reporter.java:111)
at com.framework.selenium.api.base.SeleniumBase.takeSnap(SeleniumBase.java:909)
at com.framework.utils.Reporter.reportStep(Reporter.java:89)
at com.framework.utils.Reporter.reportStep(Reporter.java:111)
at com.framework.selenium.api.base.SeleniumBase.takeSnap(SeleniumBase.java:909)
at com.framework.utils.Reporter.reportStep(Reporter.java:89)
at com.framework.utils.Reporter.reportStep(Reporter.java:111)
at com.framework.selenium.api.base.SeleniumBase.takeSnap(SeleniumBase.java:909)
at com.framework.utils.Reporter.reportStep(Reporter.java:89)
at com.framework.utils.Reporter.reportStep(Reporter.java:111)
at com.framework.selenium.api.base.SeleniumBase.takeSnap(SeleniumBase.java:909)
at com.framework.utils.Reporter.reportStep(Reporter.java:89)
at com.framework.utils.Reporter.reportStep(Reporter.java:111)
at com.framework.selenium.api.base.SeleniumBase.takeSnap(SeleniumBase.java:909)
at com.framework.utils.Reporter.reportStep(Reporter.java:89)
at com.framework.utils.Reporter.reportStep(Reporter.java:111)
at com.framework.selenium.api.base.SeleniumBase.takeSnap(SeleniumBase.java:909)
at com.framework.utils.Reporter.reportStep(Reporter.java:89)
at com.framework.utils.Reporter.reportStep(Reporter.java:111)
at com.framework.selenium.api.base.SeleniumBase.takeSnap(SeleniumBase.java:909)
at com.framework.utils.Reporter.reportStep(Reporter.java:89)
at com.framework.utils.Reporter.reportStep(Reporter.java:111)
at com.framework.selenium.api.base.SeleniumBase.takeSnap(SeleniumBase.java:909)
at com.framework.utils.Reporter.reportStep(Reporter.java:89)
at com.framework.utils.Reporter.reportStep(Reporter.java:111)
at com.framework.selenium.api.base.SeleniumBase.takeSnap(SeleniumBase.java:909)
at com.framework.utils.Reporter.reportStep(Reporter.java:89)
at com.framework.utils.Reporter.reportStep(Reporter.java:111)
at com.framework.selenium.api.base.SeleniumBase.takeSnap(SeleniumBase.java:909)
at com.framework.utils.Reporter.reportStep(Reporter.java:89)
at com.framework.utils.Reporter.reportStep(Reporter.java:111)
at com.framework.selenium.api.base.SeleniumBase.takeSnap(SeleniumBase.java:909)
at com.framework.utils.Reporter.reportStep(Reporter.java:89)
at com.framework.utils.Reporter.reportStep(Reporter.java:111)
at com.framework.selenium.api.base.SeleniumBase.takeSnap(SeleniumBase.java:909)
at com.framework.utils.Reporter.reportStep(Reporter.java:89)
at com.framework.utils.Reporter.reportStep(Reporter.java:111)
at com.framework.selenium.api.base.SeleniumBase.takeSnap(SeleniumBase.java:909)
at com.framework.utils.Reporter.reportStep(Reporter.java:89)
at com.framework.utils.Reporter.reportStep(Reporter.java:111)
at com.framework.selenium.api.base.SeleniumBase.takeSnap(SeleniumBase.java:909)
at com.framework.utils.Reporter.reportStep(Reporter.java:89)
at com.framework.utils.Reporter.reportStep(Reporter.java:111)
at com.framework.selenium.api.base.SeleniumBase.takeSnap(SeleniumBase.java:909)
at com.framework.utils.Reporter.reportStep(Reporter.java:89)
at com.framework.utils.Reporter.reportStep(Reporter.java:111)
at com.framework.selenium.api.base.SeleniumBase.takeSnap(SeleniumBase.java:909)
at com.framework.utils.Reporter.reportStep(Reporter.java:89)
at com.framework.utils.Reporter.reportStep(Reporter.java:111)
at com.framework.selenium.api.base.SeleniumBase.takeSnap(SeleniumBase.java:909)
at com.framework.utils.Reporter.reportStep(Reporter.java:89)
at com.framework.utils.Reporter.reportStep(Reporter.java:111)
at com.framework.selenium.api.base.SeleniumBase.takeSnap(SeleniumBase.java:909)
at com.framework.utils.Reporter.reportStep(Reporter.java:89)
at com.framework.utils.Reporter.reportStep(Reporter.java:111)
at com.framework.selenium.api.base.SeleniumBase.takeSnap(SeleniumBase.java:909)
at com.framework.utils.Reporter.reportStep(Reporter.java:89)
at com.framework.utils.Reporter.reportStep(Reporter.java:111)
at com.framework.selenium.api.base.SeleniumBase.takeSnap(SeleniumBase.java:909)
at com.framework.utils.Reporter.reportStep(Reporter.java:89)
at com.framework.utils.Reporter.reportStep(Reporter.java:111)
at com.framework.selenium.api.base.SeleniumBase.takeSnap(SeleniumBase.java:909)
at com.framework.utils.Reporter.reportStep(Reporter.java:89)
at com.framework.utils.Reporter.reportStep(Reporter.java:111)
at com.framework.selenium.api.base.SeleniumBase.takeSnap(SeleniumBase.java:909)
at com.framework.utils.Reporter.reportStep(Reporter.java:89)
at com.framework.utils.Reporter.reportStep(Reporter.java:111)
at com.framework.selenium.api.base.SeleniumBase.takeSnap(SeleniumBase.java:909)
at com.framework.utils.Reporter.reportStep(Reporter.java:89)
at com.framework.utils.Reporter.reportStep(Reporter.java:111)
at com.framework.selenium.api.base.SeleniumBase.takeSnap(SeleniumBase.java:909)
at com.framework.utils.Reporter.reportStep(Reporter.java:89)
at com.framework.utils.Reporter.reportStep(Reporter.java:111)
at com.framework.selenium.api.base.SeleniumBase.takeSnap(SeleniumBase.java:909)
at com.framework.utils.Reporter.reportStep(Reporter.java:89)
at com.framework.utils.Reporter.reportStep(Reporter.java:111)
at com.framework.selenium.api.base.SeleniumBase.takeSnap(SeleniumBase.java:909)
at com.framework.utils.Reporter.reportStep(Reporter.java:89)
at com.framework.utils.Reporter.reportStep(Reporter.java:111)
at com.framework.selenium.api.base.SeleniumBase.takeSnap(SeleniumBase.java:909)
at com.framework.utils.Reporter.reportStep(Reporter.java:89)
at com.framework.utils.Reporter.reportStep(Reporter.java:111)
at com.framework.selenium.api.base.SeleniumBase.takeSnap(SeleniumBase.java:909)
at com.framework.utils.Reporter.reportStep(Reporter.java:89)
at com.framework.utils.Reporter.reportStep(Reporter.java:111)
at com.framework.selenium.api.base.SeleniumBase.takeSnap(SeleniumBase.java:909)
at com.framework.utils.Reporter.reportStep(Reporter.java:89)
at com.framework.utils.Reporter.reportStep(Reporter.java:111)
at com.framework.selenium.api.base.SeleniumBase.takeSnap(SeleniumBase.java:909)
at com.framework.utils.Reporter.reportStep(Reporter.java:89)
at com.framework.utils.Reporter.reportStep(Reporter.java:111)
at com.framework.selenium.api.base.SeleniumBase.takeSnap(SeleniumBase.java:909)
at com.framework.utils.Reporter.reportStep(Reporter.java:89)
at com.framework.utils.Reporter.reportStep(Reporter.java:111)
at com.framework.selenium.api.base.SeleniumBase.takeSnap(SeleniumBase.java:909)
at com.framework.utils.Reporter.reportStep(Reporter.java:89)
at com.framework.utils.Reporter.reportStep(Reporter.java:111)
at com.framework.selenium.api.base.SeleniumBase.takeSnap(SeleniumBase.java:909)
at com.framework.utils.Reporter.reportStep(Reporter.java:89)
at com.framework.utils.Reporter.reportStep(Reporter.java:111)
at com.framework.selenium.api.base.SeleniumBase.takeSnap(SeleniumBase.java:909)
at com.framework.utils.Reporter.reportStep(Reporter.java:89)
at com.framework.utils.Reporter.reportStep(Reporter.java:111)
at com.framework.selenium.api.base.SeleniumBase.takeSnap(SeleniumBase.java:909)
at com.framework.utils.Reporter.reportStep(Reporter.java:89)
at com.framework.utils.Reporter.reportStep(Reporter.java:111)
at com.framework.selenium.api.base.SeleniumBase.takeSnap(SeleniumBase.java:909)
at com.framework.utils.Reporter.reportStep(Reporter.java:89)
at com.framework.utils.Reporter.reportStep(Reporter.java:111)
at com.framework.selenium.api.base.SeleniumBase.takeSnap(SeleniumBase.java:909)
at com.framework.utils.Reporter.reportStep(Reporter.java:89)
at com.framework.utils.Reporter.reportStep(Reporter.java:111)
at com.framework.selenium.api.base.SeleniumBase.takeSnap(SeleniumBase.java:909)
at com.framework.utils.Reporter.reportStep(Reporter.java:89)
at com.framework.utils.Reporter.reportStep(Reporter.java:111)
at com.framework.selenium.api.base.SeleniumBase.takeSnap(SeleniumBase.java:909)
at com.framework.utils.Reporter.reportStep(Reporter.java:89)
at com.framework.utils.Reporter.reportStep(Reporter.java:111)
at com.framework.selenium.api.base.SeleniumBase.takeSnap(SeleniumBase.java:909)
at com.framework.utils.Reporter.reportStep(Reporter.java:89)
at com.framework.utils.Reporter.reportStep(Reporter.java:111)
at com.framework.selenium.api.base.SeleniumBase.takeSnap(SeleniumBase.java:909)
at com.framework.utils.Reporter.reportStep(Reporter.java:89)
at com.framework.utils.Reporter.reportStep(Reporter.java:111)
at com.framework.selenium.api.base.SeleniumBase.takeSnap(SeleniumBase.java:909)
at com.framework.utils.Reporter.reportStep(Reporter.java:89)
at com.framework.utils.Reporter.reportStep(Reporter.java:111)
at com.framework.selenium.api.base.SeleniumBase.takeSnap(SeleniumBase.java:909)
at com.framework.utils.Reporter.reportStep(Reporter.java:89)
at com.framework.utils.Reporter.reportStep(Reporter.java:111)
at com.framework.selenium.api.base.SeleniumBase.takeSnap(SeleniumBase.java:909)
at com.framework.utils.Reporter.reportStep(Reporter.java:89)
at com.framework.utils.Reporter.reportStep(Reporter.java:111)
at com.framework.selenium.api.base.SeleniumBase.takeSnap(SeleniumBase.java:909)
at com.framework.utils.Reporter.reportStep(Reporter.java:89)
at com.framework.utils.Reporter.reportStep(Reporter.java:111)
at com.framework.selenium.api.base.SeleniumBase.takeSnap(SeleniumBase.java:909)
at com.framework.utils.Reporter.reportStep(Reporter.java:89)
at com.framework.utils.Reporter.reportStep(Reporter.java:111)
at com.framework.selenium.api.base.SeleniumBase.takeSnap(SeleniumBase.java:909)
at com.framework.utils.Reporter.reportStep(Reporter.java:89)
at com.framework.utils.Reporter.reportStep(Reporter.java:111)
at com.framework.selenium.api.base.SeleniumBase.takeSnap(SeleniumBase.java:909)
at com.framework.utils.Reporter.reportStep(Reporter.java:89)
at com.framework.utils.Reporter.reportStep(Reporter.java:111)
at com.framework.selenium.api.base.SeleniumBase.takeSnap(SeleniumBase.java:909)
at com.framework.utils.Reporter.reportStep(Reporter.java:89)
at com.framework.utils.Reporter.reportStep(Reporter.java:111)
at com.framework.selenium.api.base.SeleniumBase.takeSnap(SeleniumBase.java:909)
at com.framework.utils.Reporter.reportStep(Reporter.java:89)
at com.framework.utils.Reporter.reportStep(Reporter.java:111)
at com.framework.selenium.api.base.SeleniumBase.takeSnap(SeleniumBase.java:909)
at com.framework.utils.Reporter.reportStep(Reporter.java:89)
at com.framework.utils.Reporter.reportStep(Reporter.java:111)
at com.framework.selenium.api.base.SeleniumBase.takeSnap(SeleniumBase.java:909)
at com.framework.utils.Reporter.reportStep(Reporter.java:89)
at com.framework.utils.Reporter.reportStep(Reporter.java:111)
at com.framework.selenium.api.base.SeleniumBase.takeSnap(SeleniumBase.java:909)
at com.framework.utils.Reporter.reportStep(Reporter.java:89)
at com.framework.utils.Reporter.reportStep(Reporter.java:111)
at com.framework.selenium.api.base.SeleniumBase.takeSnap(SeleniumBase.java:909)
at com.framework.utils.Reporter.reportStep(Reporter.java:89)
at com.framework.utils.Reporter.reportStep(Reporter.java:111)
at com.framework.selenium.api.base.SeleniumBase.takeSnap(SeleniumBase.java:909)
at com.framework.utils.Reporter.reportStep(Reporter.java:89)
at com.framework.utils.Reporter.reportStep(Reporter.java:111)
at com.framework.selenium.api.base.SeleniumBase.takeSnap(SeleniumBase.java:909)
at com.framework.utils.Reporter.reportStep(Reporter.java:89)
at com.framework.utils.Reporter.reportStep(Reporter.java:111)
at com.framework.selenium.api.base.SeleniumBase.takeSnap(SeleniumBase.java:909)
at com.framework.utils.Reporter.reportStep(Reporter.java:89)
at com.framework.utils.Reporter.reportStep(Reporter.java:111)
at com.framework.selenium.api.base.SeleniumBase.takeSnap(SeleniumBase.java:909)
at com.framework.utils.Reporter.reportStep(Reporter.java:89)
at com.framework.utils.Reporter.reportStep(Reporter.java:111)
at com.framework.selenium.api.base.SeleniumBase.takeSnap(SeleniumBase.java:909)
at com.framework.utils.Reporter.reportStep(Reporter.java:89)
at com.framework.utils.Reporter.reportStep(Reporter.java:111)
at com.framework.selenium.api.base.SeleniumBase.takeSnap(SeleniumBase.java:909)
at com.framework.utils.Reporter.reportStep(Reporter.java:89)
at com.framework.utils.Reporter.reportStep(Reporter.java:111)
at com.framework.selenium.api.base.SeleniumBase.takeSnap(SeleniumBase.java:909)
at com.framework.utils.Reporter.reportStep(Reporter.java:89)
at com.framework.utils.Reporter.reportStep(Reporter.java:111)
at com.framework.selenium.api.base.SeleniumBase.takeSnap(SeleniumBase.java:909)
at com.framework.utils.Reporter.reportStep(Reporter.java:89)
at com.framework.utils.Reporter.reportStep(Reporter.java:111)
at com.framework.selenium.api.base.SeleniumBase.takeSnap(SeleniumBase.java:909)
at com.framework.utils.Reporter.reportStep(Reporter.java:89)
at com.framework.utils.Reporter.reportStep(Reporter.java:111)
at com.framework.selenium.api.base.SeleniumBase.takeSnap(SeleniumBase.java:909)
at com.framework.utils.Reporter.reportStep(Reporter.java:89)
at com.framework.utils.Reporter.reportStep(Reporter.java:111)
at com.framework.selenium.api.base.SeleniumBase.takeSnap(SeleniumBase.java:909)
at com.framework.utils.Reporter.reportStep(Reporter.java:89)
at com.framework.utils.Reporter.reportStep(Reporter.java:111)
at com.framework.selenium.api.base.SeleniumBase.takeSnap(SeleniumBase.java:909)
at com.framework.utils.Reporter.reportStep(Reporter.java:89)
at com.framework.utils.Reporter.reportStep(Reporter.java:111)
at com.framework.selenium.api.base.SeleniumBase.takeSnap(SeleniumBase.java:909)
at com.framework.utils.Reporter.reportStep(Reporter.java:89)
at com.framework.utils.Reporter.reportStep(Reporter.java:111)
at com.framework.selenium.api.base.SeleniumBase.takeSnap(SeleniumBase.java:909)
at com.framework.utils.Reporter.reportStep(Reporter.java:89)
at com.framework.utils.Reporter.reportStep(Reporter.java:111)
at com.framework.selenium.api.base.SeleniumBase.takeSnap(SeleniumBase.java:909)
at com.framework.utils.Reporter.reportStep(Reporter.java:89)
at com.framework.utils.Reporter.reportStep(Reporter.java:111)
at com.framework.selenium.api.base.SeleniumBase.takeSnap(SeleniumBase.java:909)
at com.framework.utils.Reporter.reportStep(Reporter.java:89)
at com.framework.utils.Reporter.reportStep(Reporter.java:111)
at com.framework.selenium.api.base.SeleniumBase.takeSnap(SeleniumBase.java:909)
at com.framework.utils.Reporter.reportStep(Reporter.java:89)
at com.framework.utils.Reporter.reportStep(Reporter.java:111)
at com.framework.selenium.api.base.SeleniumBase.takeSnap(SeleniumBase.java:909)
at com.framework.utils.Reporter.reportStep(Reporter.java:89)
at com.framework.utils.Reporter.reportStep(Reporter.java:111)
at com.framework.selenium.api.base.SeleniumBase.takeSnap(SeleniumBase.java:909)
at com.framework.utils.Reporter.reportStep(Reporter.java:89)
at com.framework.utils.Reporter.reportStep(Reporter.java:111)
at com.framework.selenium.api.base.SeleniumBase.takeSnap(SeleniumBase.java:909)
at com.framework.utils.Reporter.reportStep(Reporter.java:89)
at com.framework.utils.Reporter.reportStep(Reporter.java:111)
at com.framework.selenium.api.base.SeleniumBase.takeSnap(SeleniumBase.java:909)
at com.framework.utils.Reporter.reportStep(Reporter.java:89)
at com.framework.utils.Reporter.reportStep(Reporter.java:111)
at com.framework.selenium.api.base.SeleniumBase.takeSnap(SeleniumBase.java:909)
at com.framework.utils.Reporter.reportStep(Reporter.java:89)
at com.framework.utils.Reporter.reportStep(Reporter.java:111)
at com.framework.selenium.api.base.SeleniumBase.takeSnap(SeleniumBase.java:909)
at com.framework.utils.Reporter.reportStep(Reporter.java:89)
at com.framework.utils.Reporter.reportStep(Reporter.java:111)
at com.framework.selenium.api.base.SeleniumBase.takeSnap(SeleniumBase.java:909)
at com.framework.utils.Reporter.reportStep(Reporter.java:89)
at com.framework.utils.Reporter.reportStep(Reporter.java:111)
at com.framework.selenium.api.base.SeleniumBase.takeSnap(SeleniumBase.java:909)
at com.framework.utils.Reporter.reportStep(Reporter.java:89)
at com.framework.utils.Reporter.reportStep(Reporter.java:111)
at com.framework.selenium.api.base.SeleniumBase.takeSnap(SeleniumBase.java:909)
at com.framework.utils.Reporter.reportStep(Reporter.java:89)
at com.framework.utils.Reporter.reportStep(Reporter.java:111)
at com.framework.selenium.api.base.SeleniumBase.takeSnap(SeleniumBase.java:909)
at com.framework.utils.Reporter.reportStep(Reporter.java:89)
at com.framework.utils.Reporter.reportStep(Reporter.java:111)
at com.framework.selenium.api.base.SeleniumBase.takeSnap(SeleniumBase.java:909)
at com.framework.utils.Reporter.reportStep(Reporter.java:89)
at com.framework.utils.Reporter.reportStep(Reporter.java:111)
at com.framework.selenium.api.base.SeleniumBase.takeSnap(SeleniumBase.java:909)
at com.framework.utils.Reporter.reportStep(Reporter.java:89)
at com.framework.utils.Reporter.reportStep(Reporter.java:111)
at com.framework.selenium.api.base.SeleniumBase.takeSnap(SeleniumBase.java:909)
at com.framework.utils.Reporter.reportStep(Reporter.java:89)
at com.framework.utils.Reporter.reportStep(Reporter.java:111)
at com.framework.selenium.api.base.SeleniumBase.takeSnap(SeleniumBase.java:909)
at com.framework.utils.Reporter.reportStep(Reporter.java:89)
at com.framework.utils.Reporter.reportStep(Reporter.java:111)
at com.framework.selenium.api.base.SeleniumBase.takeSnap(SeleniumBase.java:909)
at com.framework.utils.Reporter.reportStep(Reporter.java:89)
at com.framework.utils.Reporter.reportStep(Reporter.java:111)
at com.framework.selenium.api.base.SeleniumBase.takeSnap(SeleniumBase.java:909)
at com.framework.utils.Reporter.reportStep(Reporter.java:89)
at com.framework.utils.Reporter.reportStep(Reporter.java:111)
at com.framework.selenium.api.base.SeleniumBase.takeSnap(SeleniumBase.java:909)
at com.framework.utils.Reporter.reportStep(Reporter.java:89)
at com.framework.utils.Reporter.reportStep(Reporter.java:111)
at com.framework.selenium.api.base.SeleniumBase.takeSnap(SeleniumBase.java:909)
at com.framework.utils.Reporter.reportStep(Reporter.java:89)
]]>
    </error>
  </testcase> <!-- preCondition -->
  <system-out/>
</testsuite> <!-- com.medmantra.testcases.AHC.TC_119_AHCSummary_AHCSummary_InvestigationNotDone -->
