<?xml version="1.0" encoding="UTF-8"?>
<!-- Generated by org.testng.reporters.JUnitReportReporter -->
<testsuite hostname="DESKTOP-6CGC2KB" failures="0" tests="2" name="com.medmantra.testcases.Emergency.TC_029_Emergency_Registration" time="153.906" errors="0" timestamp="2022-09-26T12:52:31 IST" skipped="0">
  <testcase classname="com.medmantra.testcases.Emergency.TC_029_Emergency_Registration" name="runEmergencyRegistration" time="92.253"/>
  <system-out/>
  <testcase classname="com.medmantra.testcases.Emergency.TC_029_Emergency_Registration" name="runEmergencyRegistration" time="61.653"/>
  <system-out/>
</testsuite> <!-- com.medmantra.testcases.Emergency.TC_029_Emergency_Registration -->
