<?xml version="1.0" encoding="UTF-8"?>
<!-- Generated by org.testng.reporters.JUnitReportReporter -->
<testsuite hostname="DESKTOP-BOAEE06" failures="0" tests="1" name="com.novo.testcases.TC_131115_VerifyHomePageContents" time="15.578" errors="0" timestamp="2022-11-14T10:40:47 IST" skipped="0">
  <testcase classname="com.novo.testcases.TC_131115_VerifyHomePageContents" name="runVerifyHomePageContents" time="15.578"/>
  <system-out/>
</testsuite> <!-- com.novo.testcases.TC_131115_VerifyHomePageContents -->
