<?xml version="1.0" encoding="UTF-8"?>
<!-- Generated by org.testng.reporters.JUnitReportReporter -->
<testsuite hostname="DESKTOP-BOAEE06" failures="0" tests="1" name="com.trulances.testcases.TC_14025_VerifyBodyCopyTextPropInIBSCBelow" time="78.224" errors="0" timestamp="2022-12-09T14:33:15 IST" skipped="0">
  <testcase classname="com.trulances.testcases.TC_14025_VerifyBodyCopyTextPropInIBSCBelow" name="runVerifyBodyCopyTextPropInIBSCBelow" time="78.224"/>
  <system-out/>
</testsuite> <!-- com.trulances.testcases.TC_14025_VerifyBodyCopyTextPropInIBSCBelow -->
