<?xml version="1.0" encoding="UTF-8"?>
<!-- Generated by org.testng.reporters.JUnitReportReporter -->
<testsuite hostname="DESKTOP-BOAEE06" failures="0" tests="1" name="com.trulances.testcases.TC_14001_VerifyMainMenuDDChanges" time="11.235" errors="0" timestamp="2022-12-14T11:31:00 IST" skipped="0">
  <testcase classname="com.trulances.testcases.TC_14001_VerifyMainMenuDDChanges" name="runVerifyMainMenuDDChanges" time="11.235"/>
  <system-out/>
</testsuite> <!-- com.trulances.testcases.TC_14001_VerifyMainMenuDDChanges -->
