<?xml version="1.0" encoding="UTF-8"?>
<!-- Generated by org.testng.reporters.JUnitReportReporter -->
<testsuite hostname="DESKTOP-BOAEE06" failures="0" tests="1" name="com.novo.testcases.TC_131130_VerifyFontPropInThankSec" time="38.473" errors="0" timestamp="2022-11-17T11:19:41 IST" skipped="0">
  <testcase classname="com.novo.testcases.TC_131130_VerifyFontPropInThankSec" name="runVerifyFontPropInThankSec" time="38.473"/>
  <system-out/>
</testsuite> <!-- com.novo.testcases.TC_131130_VerifyFontPropInThankSec -->
