<?xml version="1.0" encoding="UTF-8"?>
<!-- Generated by org.testng.reporters.JUnitReportReporter -->
<testsuite hostname="DESKTOP-BOAEE06" failures="0" tests="1" name="com.novo.testcases.TC_131105_Verifytopheadersarestickyhead" time="8.058" errors="0" timestamp="2022-11-23T15:39:17 IST" skipped="0">
  <testcase classname="com.novo.testcases.TC_131105_Verifytopheadersarestickyhead" name="runVerifytopheadersarestickyheadp" time="8.058"/>
  <system-out/>
</testsuite> <!-- com.novo.testcases.TC_131105_Verifytopheadersarestickyhead -->
