<?xml version="1.0" encoding="UTF-8"?>
<!-- Generated by org.testng.reporters.JUnitReportReporter -->
<testsuite hostname="DESKTOP-BOAEE06" failures="0" tests="1" name="com.trulances.testcases.TC_14029_VerifyWhyTrulanceBodyCopy" time="24.797" errors="0" timestamp="2022-12-09T19:40:54 IST" skipped="0">
  <testcase classname="com.trulances.testcases.TC_14029_VerifyWhyTrulanceBodyCopy" name="runVerifyWhyTrulanceBodyCopy" time="24.797"/>
  <system-out/>
</testsuite> <!-- com.trulances.testcases.TC_14029_VerifyWhyTrulanceBodyCopy -->
