<?xml version="1.0" encoding="UTF-8"?>
<!-- Generated by org.testng.reporters.JUnitReportReporter -->
<testsuite hostname="DESKTOP-6CGC2KB" failures="0" tests="1" name="com.medmantra.testcases.ES_Appoinment.TC_037_ES_CalendarSetup_TemplateUpdate" time="58.388" errors="0" timestamp="2022-09-20T20:04:58 IST" skipped="0">
  <testcase classname="com.medmantra.testcases.ES_Appoinment.TC_037_ES_CalendarSetup_TemplateUpdate" name="runCalendarSetupTemplateUpdate" time="58.388"/>
  <system-out/>
</testsuite> <!-- com.medmantra.testcases.ES_Appoinment.TC_037_ES_CalendarSetup_TemplateUpdate -->
