<?xml version="1.0" encoding="UTF-8"?>
<!-- Generated by org.testng.reporters.JUnitReportReporter -->
<testsuite hostname="EC-AUTOMA-001" failures="0" tests="1" name="com.medmantra.testcases.Admission.TC_015_Master_BedSetup" time="43.301" errors="0" timestamp="2022-09-19T23:20:11 PDT" skipped="0">
  <testcase classname="com.medmantra.testcases.Admission.TC_015_Master_BedSetup" name="runBedSetup" time="43.301"/>
  <system-out/>
</testsuite> <!-- com.medmantra.testcases.Admission.TC_015_Master_BedSetup -->
