<?xml version="1.0" encoding="UTF-8"?>
<!-- Generated by org.testng.reporters.JUnitReportReporter -->
<testsuite hostname="DESKTOP-6CGC2KB" failures="0" tests="1" name="com.medmantra.testcases.OPBilling.TC_011_BILL_Dashboards_EligibilitHome" time="35.544" errors="0" timestamp="2022-09-30T18:34:40 IST" skipped="0">
  <testcase classname="com.medmantra.testcases.OPBilling.TC_011_BILL_Dashboards_EligibilitHome" name="runCampRequestShowDetails" time="35.544"/>
  <system-out/>
</testsuite> <!-- com.medmantra.testcases.OPBilling.TC_011_BILL_Dashboards_EligibilitHome -->
