<?xml version="1.0" encoding="UTF-8"?>
<!-- Generated by org.testng.reporters.JUnitReportReporter -->
<testsuite hostname="DESKTOP-BOAEE06" failures="0" tests="1" name="com.trulances.testcases.TC_14032_VerifyBodyCopyAboveBRISTOLSTOOLFORMSCALE" time="26.606" errors="0" timestamp="2022-12-10T15:52:16 IST" skipped="0">
  <testcase classname="com.trulances.testcases.TC_14032_VerifyBodyCopyAboveBRISTOLSTOOLFORMSCALE" name="runVerifyBodyCopyAboveBRISTOLSTOOLFORMSCALE" time="26.606"/>
  <system-out/>
</testsuite> <!-- com.trulances.testcases.TC_14032_VerifyBodyCopyAboveBRISTOLSTOOLFORMSCALE -->
