<?xml version="1.0" encoding="UTF-8"?>
<!-- Generated by org.testng.reporters.JUnitReportReporter -->
<testsuite hostname="DESKTOP-BOAEE06" failures="0" tests="1" name="com.trulances.testcases.TC_14037_VerifyMoreLetterInSubHeading" time="68.729" errors="0" timestamp="2022-12-10T19:16:18 IST" skipped="0">
  <testcase classname="com.trulances.testcases.TC_14037_VerifyMoreLetterInSubHeading" name="runVerifyVerifyMoreLetterInSubHeading" time="68.729"/>
  <system-out/>
</testsuite> <!-- com.trulances.testcases.TC_14037_VerifyMoreLetterInSubHeading -->
