<?xml version="1.0" encoding="UTF-8"?>
<!-- Generated by org.testng.reporters.JUnitReportReporter -->
<testsuite hostname="DESKTOP-6CGC2KB" failures="0" tests="1" name="com.medmantra.testcases.ES_Appoinment.TC_007_ES_CalendarSetup_Template" time="250.386" errors="0" timestamp="2022-08-24T12:31:12 IST" skipped="0">
  <testcase classname="com.medmantra.testcases.ES_Appoinment.TC_007_ES_CalendarSetup_Template" name="CalendarSetupTemplate" time="250.386"/>
  <system-out/>
</testsuite> <!-- com.medmantra.testcases.ES_Appoinment.TC_007_ES_CalendarSetup_Template -->
