<?xml version="1.0" encoding="UTF-8"?>
<!-- Generated by org.testng.reporters.JUnitReportReporter -->
<testsuite hostname="DESKTOP-6CGC2KB" failures="0" tests="1" name="com.medmantra.testcases.OPBilling.TC_010_BILL_Dashboard_Approval_Dashboard_My_Approval_Request" time="15.059" errors="0" timestamp="2022-09-30T16:40:53 IST" skipped="0">
  <testcase classname="com.medmantra.testcases.OPBilling.TC_010_BILL_Dashboard_Approval_Dashboard_My_Approval_Request" name="runMyApprovalRequests" time="15.059"/>
  <system-out/>
</testsuite> <!-- com.medmantra.testcases.OPBilling.TC_010_BILL_Dashboard_Approval_Dashboard_My_Approval_Request -->
