<?xml version="1.0" encoding="UTF-8"?>
<!-- Generated by org.testng.reporters.JUnitReportReporter -->
<testsuite hostname="DESKTOP-BOAEE06" failures="0" tests="1" name="com.novo.testcases.TC_131123_VerifyContImgInSec5" time="34.520" errors="0" timestamp="2022-11-24T12:59:27 IST" skipped="0">
  <testcase classname="com.novo.testcases.TC_131123_VerifyContImgInSec5" name="runVerifyContImgInSec4" time="34.520"/>
  <system-out/>
</testsuite> <!-- com.novo.testcases.TC_131123_VerifyContImgInSec5 -->
