<?xml version="1.0" encoding="UTF-8"?>
<!-- Generated by org.testng.reporters.JUnitReportReporter -->
<testsuite hostname="DESKTOP-BOAEE06" failures="0" tests="1" name="com.trulances.testcases.TC_14028_VerifyHowItsWorksHeader2BodyCopy" time="25.659" errors="0" timestamp="2022-12-12T12:54:57 IST" skipped="0">
  <testcase classname="com.trulances.testcases.TC_14028_VerifyHowItsWorksHeader2BodyCopy" name="runVerifyHowItsWorksHeader2BodyCopy" time="25.659"/>
  <system-out/>
</testsuite> <!-- com.trulances.testcases.TC_14028_VerifyHowItsWorksHeader2BodyCopy -->
