<?xml version="1.0" encoding="UTF-8"?>
<!-- Generated by org.testng.reporters.JUnitReportReporter -->
<testsuite hostname="DESKTOP-6CGC2KB" failures="0" tests="1" name="com.medmantra.testcases.Emergency.TC_050_ArrivalDetails_MLCCases" time="0.000" errors="0" timestamp="2022-09-23T20:03:56 IST" skipped="1">
  <testcase classname="com.medmantra.testcases.Emergency.TC_050_ArrivalDetails_MLCCases" name="runPendingDashboard" time="0.000">
    <skipped/>
  </testcase> <!-- runPendingDashboard -->
  <system-out/>
</testsuite> <!-- com.medmantra.testcases.Emergency.TC_050_ArrivalDetails_MLCCases -->
