<?xml version="1.0" encoding="UTF-8"?>
<!-- Generated by org.testng.reporters.JUnitReportReporter -->
<testsuite hostname="DESKTOP-6CGC2KB" failures="0" tests="1" name="com.medmantra.testcases.DynamicForm.TC_044_Transaction_Dynamicforms_AssessmentRequest_Personal_Request" time="42.884" errors="0" timestamp="2022-10-11T15:08:52 IST" skipped="0">
  <testcase classname="com.medmantra.testcases.DynamicForm.TC_044_Transaction_Dynamicforms_AssessmentRequest_Personal_Request" name="runPersonalRequest" time="42.884"/>
  <system-out/>
</testsuite> <!-- com.medmantra.testcases.DynamicForm.TC_044_Transaction_Dynamicforms_AssessmentRequest_Personal_Request -->
