<?xml version="1.0" encoding="UTF-8"?>
<!-- Generated by org.testng.reporters.JUnitReportReporter -->
<testsuite hostname="DESKTOP-BOAEE06" failures="0" tests="1" name="com.trulances.testcases.TC_14005_VerifyHeader1" time="7.429" errors="0" timestamp="2022-12-14T11:31:00 IST" skipped="0">
  <testcase classname="com.trulances.testcases.TC_14005_VerifyHeader1" name="runVerifyHeader1" time="7.429"/>
  <system-out/>
</testsuite> <!-- com.trulances.testcases.TC_14005_VerifyHeader1 -->
