<?xml version="1.0" encoding="UTF-8"?>
<!-- Generated by org.testng.reporters.JUnitReportReporter -->
<testsuite hostname="DESKTOP-BOAEE06" failures="0" tests="1" name="com.novo.testcases.TC_131108_VerificationNavigationofFooterLinks" time="134.216" errors="0" timestamp="2022-11-23T16:41:15 IST" skipped="0">
  <testcase classname="com.novo.testcases.TC_131108_VerificationNavigationofFooterLinks" name="runVerificationNavigationofFooterLinks" time="134.216"/>
  <system-out/>
</testsuite> <!-- com.novo.testcases.TC_131108_VerificationNavigationofFooterLinks -->
