<?xml version="1.0" encoding="UTF-8"?>
<!-- Generated by org.testng.reporters.JUnitReportReporter -->
<testsuite hostname="DESKTOP-6CGC2KB" failures="0" tests="1" name="com.medmantra.testcases.ES_Appoinment.TC_029_ES_ViewAppointmentsCompleted" time="0.000" errors="0" timestamp="2022-09-08T16:58:29 IST" skipped="1">
  <testcase classname="com.medmantra.testcases.ES_Appoinment.TC_029_ES_ViewAppointmentsCompleted" name="ViewAppointmentsCompleted" time="0.000">
    <skipped/>
  </testcase> <!-- ViewAppointmentsCompleted -->
  <system-out/>
</testsuite> <!-- com.medmantra.testcases.ES_Appoinment.TC_029_ES_ViewAppointmentsCompleted -->
