<?xml version="1.0" encoding="UTF-8"?>
<!-- Generated by org.testng.reporters.JUnitReportReporter -->
<testsuite hostname="EC-AUTOMA-001" failures="0" tests="2" name="com.medmantra.testcases.Laboratory.TC_014_Lab_ReceptionLabScheduleSlip" time="70.389" errors="0" timestamp="2022-09-13T12:27:53 PDT" skipped="1">
  <testcase classname="com.medmantra.testcases.Laboratory.TC_014_Lab_ReceptionLabScheduleSlip" name="patientSearch" time="36.679"/>
  <system-out/>
  <testcase classname="com.medmantra.testcases.Laboratory.TC_014_Lab_ReceptionLabScheduleSlip" name="patientSearch" time="33.710">
    <skipped/>
  </testcase> <!-- patientSearch -->
  <system-out/>
</testsuite> <!-- com.medmantra.testcases.Laboratory.TC_014_Lab_ReceptionLabScheduleSlip -->
