<?xml version="1.0" encoding="UTF-8"?>
<!-- Generated by org.testng.reporters.JUnitReportReporter -->
<testsuite hostname="DESKTOP-BOAEE06" failures="0" tests="1" name="com.trulances.testcases.TC_14011_VerifyFunctionalityofCTA" time="89.988" errors="0" timestamp="2022-12-14T11:31:00 IST" skipped="0">
  <testcase classname="com.trulances.testcases.TC_14011_VerifyFunctionalityofCTA" name="runVerifyBodyCopyTxtProp" time="89.988"/>
  <system-out/>
</testsuite> <!-- com.trulances.testcases.TC_14011_VerifyFunctionalityofCTA -->
