<?xml version="1.0" encoding="UTF-8"?>
<!-- Generated by org.testng.reporters.JUnitReportReporter -->
<testsuite hostname="DESKTOP-6CGC2KB" failures="0" tests="1" name="com.medmantra.testcases.Laboratory.TC_065_LAB_VerificationofResults" time="35.317" errors="0" timestamp="2022-09-28T01:15:17 IST" skipped="0">
  <testcase classname="com.medmantra.testcases.Laboratory.TC_065_LAB_VerificationofResults" name="runVerificationofResults" time="35.317"/>
  <system-out/>
</testsuite> <!-- com.medmantra.testcases.Laboratory.TC_065_LAB_VerificationofResults -->
