<?xml version="1.0" encoding="UTF-8"?>
<!-- Generated by org.testng.reporters.JUnitReportReporter -->
<testsuite hostname="EC-AUTOMA-001" failures="0" tests="1" name="com.medmantra.testcases.AHC.TC_098_Transactions_VerifyCounterDetails" time="28.529" errors="0" timestamp="2022-09-19T22:04:52 PDT" skipped="0">
  <testcase classname="com.medmantra.testcases.AHC.TC_098_Transactions_VerifyCounterDetails" name="runCounterDetails" time="28.529"/>
  <system-out/>
</testsuite> <!-- com.medmantra.testcases.AHC.TC_098_Transactions_VerifyCounterDetails -->
