<?xml version="1.0" encoding="UTF-8"?>
<!-- Generated by org.testng.reporters.JUnitReportReporter -->
<testsuite hostname="DESKTOP-BOAEE06" failures="0" tests="1" name="com.novo.testcases.TC_131116_VerifyHomePageContentFontProperties" time="74.110" errors="0" timestamp="2022-10-28T14:37:01 IST" skipped="0">
  <testcase classname="com.novo.testcases.TC_131116_VerifyHomePageContentFontProperties" name="runVerifyHomePageContentFontProperties" time="74.110"/>
  <system-out/>
</testsuite> <!-- com.novo.testcases.TC_131116_VerifyHomePageContentFontProperties -->
