<?xml version="1.0" encoding="UTF-8"?>
<!-- Generated by org.testng.reporters.JUnitReportReporter -->
<testsuite hostname="EC-AUTOMA-001" failures="0" tests="1" name="com.medmantra.testcases.Registration.TC_073_REG_PatientSearchEnterprise" time="34.853" errors="0" timestamp="2022-09-17T23:21:12 PDT" skipped="0">
  <testcase classname="com.medmantra.testcases.Registration.TC_073_REG_PatientSearchEnterprise" name="runPatient_SearchEnterprise" time="34.853"/>
  <system-out/>
</testsuite> <!-- com.medmantra.testcases.Registration.TC_073_REG_PatientSearchEnterprise -->
