<?xml version="1.0" encoding="UTF-8"?>
<!-- Generated by org.testng.reporters.JUnitReportReporter -->
<testsuite hostname="DESKTOP-BOAEE06" failures="0" tests="1" name="com.novo.testcases.TC_131101_VerifyHomepage" time="49.815" errors="0" timestamp="2022-11-23T13:32:36 IST" skipped="0">
  <testcase classname="com.novo.testcases.TC_131101_VerifyHomepage" name="runVerifyHomepage" time="49.815"/>
  <system-out/>
</testsuite> <!-- com.novo.testcases.TC_131101_VerifyHomepage -->
