<?xml version="1.0" encoding="UTF-8"?>
<!-- Generated by org.testng.reporters.JUnitReportReporter -->
<testsuite hostname="DESKTOP-6CGC2KB" failures="0" tests="1" name="com.medmantra.testcases.OPBilling.TC_054_DepositRefundRefundCardUpdate" time="0.000" errors="0" timestamp="2022-08-18T13:20:53 IST" skipped="1">
  <testcase classname="com.medmantra.testcases.OPBilling.TC_054_DepositRefundRefundCardUpdate" name="RefundRefundCardUpdate" time="0.000">
    <skipped/>
  </testcase> <!-- RefundRefundCardUpdate -->
  <system-out/>
</testsuite> <!-- com.medmantra.testcases.OPBilling.TC_054_DepositRefundRefundCardUpdate -->
