<?xml version="1.0" encoding="UTF-8"?>
<!-- Generated by org.testng.reporters.JUnitReportReporter -->
<testsuite hostname="DESKTOP-BOAEE06" failures="0" tests="1" name="com.trulances.testcases.TC_14039_VerifyUroguanylinworksText" time="24.829" errors="0" timestamp="2022-12-10T19:57:09 IST" skipped="0">
  <testcase classname="com.trulances.testcases.TC_14039_VerifyUroguanylinworksText" name="runVerifyUroguanylinworksText" time="24.829"/>
  <system-out/>
</testsuite> <!-- com.trulances.testcases.TC_14039_VerifyUroguanylinworksText -->
