<?xml version="1.0" encoding="UTF-8"?>
<!-- Generated by org.testng.reporters.JUnitReportReporter -->
<testsuite hostname="DESKTOP-BOAEE06" failures="0" tests="1" name="com.novo.testcases.TC_131110_VerifyReferenceTextinFooter11" time="19.596" errors="0" timestamp="2022-11-23T17:47:55 IST" skipped="0">
  <testcase classname="com.novo.testcases.TC_131110_VerifyReferenceTextinFooter11" name="runVerifyReferenceTextinFooter" time="19.596"/>
  <system-out/>
</testsuite> <!-- com.novo.testcases.TC_131110_VerifyReferenceTextinFooter11 -->
