<?xml version="1.0" encoding="UTF-8"?>
<!-- Generated by org.testng.reporters.JUnitReportReporter -->
<testsuite hostname="DESKTOP-BOAEE06" failures="0" tests="1" name="com.trulances.testcases.TC_14026_VerifyBelowIBSCImgInfo" time="25.512" errors="0" timestamp="2022-12-09T15:09:59 IST" skipped="0">
  <testcase classname="com.trulances.testcases.TC_14026_VerifyBelowIBSCImgInfo" name="runVerifyBelowIBSCImgInfo" time="25.512"/>
  <system-out/>
</testsuite> <!-- com.trulances.testcases.TC_14026_VerifyBelowIBSCImgInfo -->
